============================= test session starts =============================
collecting ... collected 46 items

tests/test_live_config.py::test_tr1_1_all_14_live_settings_present_with_defaults PASSED [  2%]
tests/test_live_config.py::test_tr1_1_env_override_honored_int PASSED    [  4%]
tests/test_live_config.py::test_tr1_1_env_override_honored_float PASSED  [  6%]
tests/test_live_schemas.py::test_tr1_2_stale_defaults_false PASSED       [  8%]
tests/test_live_schemas.py::test_tr1_2_quote_json_roundtrip_preserves_fields PASSED [ 10%]
tests/test_live_schemas.py::test_tr1_2_non_utc_timestamp_coerced_to_utc PASSED [ 13%]
tests/test_live_schemas.py::test_tr1_2_intraday_monotonic_candles_roundtrip PASSED [ 15%]
tests/test_live_schemas.py::test_tr1_2_envelope_event_enum_restricted PASSED [ 17%]
tests/test_live_schemas.py::test_tr1_2_health_payload_validates_state_enum PASSED [ 19%]
tests/test_live_schemas.py::test_tr1_2_iso_string_freshness_ts_coerced PASSED [ 21%]
tests/test_freshness_validator.py::test_tr2_1_freshness_boundary_matrix[True-119-True] PASSED [ 23%]
tests/test_freshness_validator.py::test_tr2_1_freshness_boundary_matrix[True-121-False] PASSED [ 26%]
tests/test_freshness_validator.py::test_tr2_1_freshness_boundary_matrix[False-899-True] PASSED [ 28%]
tests/test_freshness_validator.py::test_tr2_1_freshness_boundary_matrix[False-901-False] PASSED [ 30%]
tests/test_freshness_validator.py::test_tr2_1_null_price_rule_violated PASSED [ 32%]
tests/test_freshness_validator.py::test_tr2_1_high_less_than_low_violated PASSED [ 34%]
tests/test_freshness_validator.py::test_tr2_2_intraday_non_monotonic_rejected PASSED [ 36%]
tests/test_per_symbol_circuit.py::test_tr2_3_5_consecutive_failures_trip_open PASSED [ 39%]
tests/test_per_symbol_circuit.py::test_tr2_3_half_open_after_halfopen_s PASSED [ 41%]
tests/test_per_symbol_circuit.py::test_tr2_3_success_resets_to_closed PASSED [ 43%]
tests/test_per_symbol_circuit.py::test_tr2_3_halfopen_failure_reopens PASSED [ 45%]
tests/test_per_symbol_circuit.py::test_tr2_4_backoff_1000_samples_within_range_and_cap PASSED [ 47%]
tests/test_per_symbol_circuit.py::test_tr2_4_backoff_cap_enforced_at_high_attempts PASSED [ 50%]
tests/test_orchestrator_subscriptions.py::test_tr3_1_three_subs_same_symbol_one_poll_loop PASSED [ 52%]
