============================= test session starts =============================
platform win32 -- Python 3.13.7, pytest-9.1.1, pluggy-1.6.0 -- E:\Shakour\BedaanProjects\OldFils\BedaanWaves\backend\.venv\Scripts\python.exe
cachedir: .pytest_cache
rootdir: E:\Shakour\BedaanProjects\OldFils\BedaanWaves\backend
configfile: pytest.ini
plugins: anyio-4.14.2, Faker-40.36.0, asyncio-1.4.0, cov-7.1.0, env-1.7.0, mock-3.15.1
asyncio: mode=Mode.AUTO, debug=False, asyncio_default_fixture_loop_scope=None, asyncio_default_test_loop_scope=function
collecting ... collected 671 items

tests/test_api_security.py::TestAuthGuardMiddleware::test_missing_auth_header_returns_401 PASSED [  0%]
tests/test_api_security.py::TestAuthGuardMiddleware::test_invalid_token_returns_401 PASSED [  0%]
tests/test_api_security.py::TestAuthGuardMiddleware::test_valid_access_token_allows_request PASSED [  0%]
tests/test_api_security.py::TestAuthGuardMiddleware::test_public_path_allows_unauthenticated PASSED [  0%]
tests/test_api_security.py::TestPortfolioIDOR::test_get_portfolio_query_includes_user_filter PASSED [  0%]
tests/test_api_security.py::TestPortfolioIDOR::test_other_user_portfolio_not_found PASSED [  0%]
tests/test_api_security.py::TestBRSClientContract::test_fake_client_has_all_methods PASSED [  1%]
tests/test_api_security.py::TestBRSClientContract::test_real_client_has_all_methods PASSED [  1%]
tests/test_api_security.py::TestBRSClientContract::test_refresh_token_returns_401_on_expired PASSED [  1%]
tests/test_base_service.py::TestBaseService::test_cannot_instantiate_abstract_base PASSED [  1%]
tests/test_base_service.py::TestBaseService::test_initial_state PASSED   [  1%]
tests/test_base_service.py::TestBaseService::test_repr PASSED            [  1%]
tests/test_base_service.py::TestBaseService::test_cache_set_and_get PASSED [  1%]
tests/test_base_service.py::TestBaseService::test_cache_get_miss PASSED  [  2%]
tests/test_base_service.py::TestBaseService::test_cache_clear_single_key PASSED [  2%]
tests/test_base_service.py::TestBaseService::test_cache_clear_all PASSED [  2%]
tests/test_base_service.py::TestBaseService::test_track_metric_success PASSED [  2%]
tests/test_base_service.py::TestBaseService::test_track_metric_failure PASSED [  2%]
tests/test_base_service.py::TestBaseService::test_get_metrics_computed_rates PASSED [  2%]
tests/test_base_service.py::TestBaseService::test_get_metrics_zero_calls_no_division_error PASSED [  2%]
tests/test_base_service.py::TestBaseService::test_health_check PASSED    [  3%]
tests/test_base_service.py::TestCachedService::test_set_and_get_cached PASSED [  3%]
tests/test_base_service.py::TestCachedService::test_get_cached_missing PASSED [  3%]
tests/test_base_service.py::TestCachedService::test_cache_none_ttl_always_valid PASSED [  3%]
tests/test_base_service.py::TestCachedService::test_expired_cache_returns_none PASSED [  3%]
tests/test_base_service.py::TestDataService::test_unimplemented_methods_raise PASSED [  3%]
tests/test_base_service.py::TestAnalysisService::test_analyze PASSED     [  4%]
tests/test_base_service.py::TestAnalysisService::test_batch_analyze_handles_errors PASSED [  4%]
tests/test_base_service.py::TestAnalysisService::test_default_analyze_raises PASSED [  4%]
tests/test_base_service.py::TestMLService::test_initial_model_state PASSED [  4%]
tests/test_base_service.py::TestMLService::test_unimplemented_methods_raise PASSED [  4%]
tests/test_base_service.py::TestExternalAPIService::test_configuration PASSED [  4%]
tests/test_base_service.py::TestExternalAPIService::test_fetch_not_implemented PASSED [  4%]
tests/test_base_service.py::TestExternalAPIService::test_handle_rate_limit_backoff PASSED [  5%]
tests/test_base_service.py::TestExternalAPIService::test_handle_rate_limit_caps_at_60 PASSED [  5%]
tests/test_behavioral_economics.py::TestBehavioralEconomicsService::test_initialize PASSED [  5%]
tests/test_behavioral_economics.py::TestBehavioralEconomicsService::test_shutdown PASSED [  5%]
tests/test_behavioral_economics.py::TestBehavioralEconomicsService::test_behavioral_inconsistency_index PASSED [  5%]
tests/test_behavioral_economics.py::TestBehavioralEconomicsService::test_noise_trader_risk_low PASSED [  5%]
tests/test_behavioral_economics.py::TestBehavioralEconomicsService::test_noise_trader_risk_high PASSED [  5%]
tests/test_behavioral_economics.py::TestBehavioralEconomicsService::test_prospect_theory_weighting PASSED [  6%]
tests/test_behavioral_economics.py::TestBehavioralEconomicsService::test_prospect_theory_no_gains PASSED [  6%]
tests/test_behavioral_economics.py::TestBehavioralEconomicsService::test_behavioral_regime_classifier PASSED [  6%]
tests/test_behavioral_economics.py::TestBehavioralEconomicsService::test_fetch_survey_data_invalid_source PASSED [  6%]
tests/test_behavioral_economics.py::TestBehavioralEconomicsService::test_analyze_full PASSED [  6%]
tests/test_brs_api_client.py::TestRateLimiterStatus::test_initial_status PASSED [  6%]
tests/test_brs_api_client.py::TestRateLimiterAcquire::test_acquire_within_limits PASSED [  7%]
tests/test_brs_api_client.py::TestRateLimiterAcquire::test_acquire_raises_when_daily_limit_reached PASSED [  7%]
tests/test_brs_api_client.py::TestRateLimiterAcquire::test_acquire_raises_when_window_limit_reached PASSED [  7%]
tests/test_brs_api_client.py::TestRateLimiterAcquire::test_clean_window_removes_old_timestamps PASSED [  7%]
tests/test_brs_api_client.py::TestRateLimiterAcquire::test_rotate_day_resets_daily_count PASSED [  7%]
tests/test_brs_api_client.py::TestBrsApiClientInitialization::test_default_service_name PASSED [  7%]
tests/test_brs_api_client.py::TestBrsApiClientInitialization::test_initialize_creates_session PASSED [  7%]
tests/test_brs_api_client.py::TestBrsApiClientInitialization::test_shutdown_closes_session PASSED [  8%]
tests/test_brs_api_client.py::TestBrsApiClientRequest::test_request_raises_when_not_initialized PASSED [  8%]
tests/test_brs_api_client.py::TestBrsApiClientRequest::test_request_injects_api_key PASSED [  8%]
tests/test_brs_api_client.py::TestBrsApiClientRequest::test_request_sets_browser_user_agent PASSED [  8%]
tests/test_brs_api_client.py::TestBrsApiClientRequest::test_request_returns_data_on_200 PASSED [  8%]
tests/test_brs_api_client.py::TestBrsApiClientRequest::test_request_raises_on_api_error PASSED [  8%]
tests/test_brs_api_client.py::TestBrsApiClientRequest::test_request_retries_on_client_error PASSED [  8%]
tests/test_brs_api_client.py::TestBrsApiClientEndpoints::test_get_all_symbols PASSED [  9%]
tests/test_brs_api_client.py::TestBrsApiClientEndpoints::test_get_symbol PASSED [  9%]
tests/test_brs_api_client.py::TestBrsApiClientEndpoints::test_get_candlestick PASSED [  9%]
tests/test_brs_api_client.py::TestBrsApiClientEndpoints::test_get_history PASSED [  9%]
tests/test_brs_api_client.py::TestBrsApiClientEndpoints::test_get_codal PASSED [  9%]
tests/test_brs_api_client.py::TestBrsApiClientEndpoints::test_get_ime_physical PASSED [  9%]
tests/test_cache_service.py::TestMemoryCacheBackend::test_set_and_get PASSED [  9%]
tests/test_cache_service.py::TestMemoryCacheBackend::test_get_missing_returns_none PASSED [ 10%]
tests/test_cache_service.py::TestMemoryCacheBackend::test_delete PASSED  [ 10%]
tests/test_cache_service.py::TestMemoryCacheBackend::test_delete_missing_is_noop PASSED [ 10%]
tests/test_cache_service.py::TestMemoryCacheBackend::test_clear PASSED   [ 10%]
tests/test_cache_service.py::TestMemoryCacheBackend::test_exists PASSED  [ 10%]
tests/test_cache_service.py::TestMemoryCacheBackend::test_ttl_expiry_on_get PASSED [ 10%]
tests/test_cache_service.py::TestMemoryCacheBackend::test_ttl_expiry_on_exists PASSED [ 11%]
tests/test_cache_service.py::TestMemoryCacheBackend::test_size PASSED    [ 11%]
tests/test_cache_service.py::TestCacheServiceBackendSelection::test_memory_backend_created PASSED [ 11%]
tests/test_cache_service.py::TestCacheServiceBackendSelection::test_redis_falls_back_to_memory PASSED [ 11%]
tests/test_cache_service.py::TestCacheServiceBackendSelection::test_unknown_backend_raises PASSED [ 11%]
tests/test_cache_service.py::TestCacheServiceOperations::test_set_and_get PASSED [ 11%]
tests/test_cache_service.py::TestCacheServiceOperations::test_namespacing PASSED [ 11%]
tests/test_cache_service.py::TestCacheServiceOperations::test_metrics_hits_and_misses PASSED [ 12%]
tests/test_cache_service.py::TestCacheServiceOperations::test_delete PASSED [ 12%]
tests/test_cache_service.py::TestCacheServiceOperations::test_exists PASSED [ 12%]
tests/test_cache_service.py::TestCacheServiceOperations::test_clear_all PASSED [ 12%]
tests/test_cache_service.py::TestCacheServiceOperations::test_get_or_set_computes_and_caches PASSED [ 12%]
tests/test_cache_service.py::TestCacheServiceOperations::test_get_or_set_with_non_callable PASSED [ 12%]
tests/test_cache_service.py::TestCacheServiceOperations::test_set_many_and_get_many PASSED [ 12%]
tests/test_cache_service.py::TestCacheServiceOperations::test_register_namespace PASSED [ 13%]
tests/test_cache_service.py::TestCacheServiceKeys::test_get_key_format PASSED [ 13%]
tests/test_cache_service.py::TestCacheServiceKeys::test_hash_key_stable PASSED [ 13%]
tests/test_cache_service.py::TestCacheServiceLifecycleAndStats::test_initialize_and_shutdown PASSED [ 13%]
tests/test_cache_service.py::TestCacheServiceLifecycleAndStats::test_get_stats_includes_size PASSED [ 13%]
tests/test_coefficient_learning.py::TestCoefficientLearningServiceInitialization::test_default_service_name PASSED [ 13%]
tests/test_coefficient_learning.py::TestCoefficientLearningServiceInitialization::test_custom_service_name PASSED [ 14%]
tests/test_coefficient_learning.py::TestCoefficientLearningServiceInitialization::test_initialize_loads_models PASSED [ 14%]
tests/test_coefficient_learning.py::TestCoefficientLearningServiceFeatures::test_extract_features_basic PASSED [ 14%]
tests/test_coefficient_learning.py::TestCoefficientLearningServiceFeatures::test_extract_features_empty_data PASSED [ 14%]
tests/test_coefficient_learning.py::TestCoefficientLearningServiceFeatures::test_extract_features_missing_timestamp PASSED [ 14%]
tests/test_coefficient_learning.py::TestCoefficientLearningServiceFeatures::test_prepare_training_data_empty PASSED [ 14%]
tests/test_coefficient_learning.py::TestCoefficientLearningServiceFeatures::test_prepare_training_data_missing_scores PASSED [ 14%]
tests/test_coefficient_learning.py::TestCoefficientLearningServiceTraining::test_train_level_model_insufficient_data PASSED [ 15%]
tests/test_coefficient_learning.py::TestCoefficientLearningServiceTraining::test_train_level_model_sufficient_data PASSED [ 15%]
tests/test_coefficient_learning.py::TestCoefficientLearningServiceTraining::test_get_coefficients_untrained PASSED [ 15%]
tests/test_coefficient_learning.py::TestCoefficientLearningServiceTraining::test_get_coefficients_trained PASSED [ 15%]
tests/test_coefficient_learning.py::TestCoefficientLearningServiceTraining::test_is_model_trained PASSED [ 15%]
tests/test_coefficient_learning.py::TestCoefficientLearningServiceLearnCoefficients::test_learn_coefficients_insufficient_data PASSED [ 15%]
tests/test_coefficient_learning.py::TestCoefficientLearningServiceLearnCoefficients::test_learn_coefficients_sufficient_data PASSED [ 15%]
tests/test_coefficient_learning.py::TestCoefficientLearningServiceLearnCoefficients::test_get_training_status PASSED [ 16%]
tests/test_coefficient_learning.py::TestCoefficientLearningServiceLearnCoefficients::test_health_check PASSED [ 16%]
tests/test_coefficient_learning.py::TestCoefficientLearningServiceIntegration::test_get_dynamic_weights_ml_unavailable PASSED [ 16%]
tests/test_coefficient_learning.py::TestCoefficientLearningServiceIntegration::test_get_dynamic_weights_ml_available_untrained PASSED [ 16%]
tests/test_coefficient_learning.py::TestCoefficientLearningServiceIntegration::test_get_dynamic_weights_ml_available_trained FAILED [ 16%]
tests/test_coefficient_learning.py::TestCoefficientLearningServiceIntegration::test_get_dynamic_weights_ml_invalid_sum PASSED [ 16%]
tests/test_coefficient_learning.py::TestCoefficientConstraints::test_normalize_coefficients_basic PASSED [ 16%]
tests/test_coefficient_learning.py::TestCoefficientConstraints::test_normalize_coefficients_negative_values PASSED [ 17%]
tests/test_coefficient_learning.py::TestCoefficientConstraints::test_normalize_coefficients_values_above_1 PASSED [ 17%]
tests/test_coefficient_learning.py::TestCoefficientConstraints::test_normalize_coefficients_all_zero PASSED [ 17%]
tests/test_coefficient_learning.py::TestCoefficientConstraints::test_normalize_coefficients_empty PASSED [ 17%]
tests/test_coefficient_learning.py::TestCoefficientConstraints::test_validate_coefficients_valid PASSED [ 17%]
tests/test_coefficient_learning.py::TestCoefficientConstraints::test_validate_coefficients_invalid_sum PASSED [ 17%]
tests/test_coefficient_learning.py::TestCoefficientConstraints::test_validate_coefficients_negative PASSED [ 18%]
tests/test_coefficient_learning.py::TestCoefficientConstraints::test_validate_coefficients_above_1 PASSED [ 18%]
tests/test_coefficient_learning.py::TestCoefficientConstraints::test_validate_coefficients_non_numeric PASSED [ 18%]
tests/test_coefficient_learning.py::TestCoefficientConstraints::test_get_coefficients_validates_before_return PASSED [ 18%]
tests/test_coefficient_learning.py::TestScoringServiceScoreConstraints::test_dimension_scores_clamped_to_100 PASSED [ 18%]
tests/test_coefficient_learning.py::TestScoringServiceScoreConstraints::test_dimension_scores_clamped_to_0 PASSED [ 18%]
tests/test_coefficient_learning.py::TestScoringServiceScoreConstraints::test_overall_score_weighted_sum_valid PASSED [ 18%]
tests/test_config_service.py::TestConfigTypeConversion::test_get_string_default PASSED [ 19%]
tests/test_config_service.py::TestConfigTypeConversion::test_get_string_from_env PASSED [ 19%]
tests/test_config_service.py::TestConfigTypeConversion::test_get_int_valid PASSED [ 19%]
tests/test_config_service.py::TestConfigTypeConversion::test_get_int_invalid_returns_default PASSED [ 19%]
tests/test_config_service.py::TestConfigTypeConversion::test_get_float_valid PASSED [ 19%]
tests/test_config_service.py::TestConfigTypeConversion::test_get_float_invalid_returns_default PASSED [ 19%]
tests/test_config_service.py::TestConfigTypeConversion::test_get_bool_truthy[true] PASSED [ 19%]
tests/test_config_service.py::TestConfigTypeConversion::test_get_bool_truthy[1] PASSED [ 20%]
tests/test_config_service.py::TestConfigTypeConversion::test_get_bool_truthy[yes] PASSED [ 20%]
tests/test_config_service.py::TestConfigTypeConversion::test_get_bool_truthy[on] PASSED [ 20%]
tests/test_config_service.py::TestConfigTypeConversion::test_get_bool_truthy[TRUE] PASSED [ 20%]
tests/test_config_service.py::TestConfigTypeConversion::test_get_bool_truthy[On] PASSED [ 20%]
tests/test_config_service.py::TestConfigTypeConversion::test_get_bool_falsy[false] PASSED [ 20%]
tests/test_config_service.py::TestConfigTypeConversion::test_get_bool_falsy[0] PASSED [ 21%]
tests/test_config_service.py::TestConfigTypeConversion::test_get_bool_falsy[no] PASSED [ 21%]
tests/test_config_service.py::TestConfigTypeConversion::test_get_bool_falsy[off] PASSED [ 21%]
tests/test_config_service.py::TestConfigTypeConversion::test_get_bool_falsy[FALSE] PASSED [ 21%]
tests/test_config_service.py::TestConfigTypeConversion::test_get_bool_unknown_returns_default PASSED [ 21%]
tests/test_config_service.py::TestConfigTypeConversion::test_get_list PASSED [ 21%]
tests/test_config_service.py::TestConfigTypeConversion::test_get_list_empty_returns_default PASSED [ 21%]
tests/test_config_service.py::TestConfigTypeConversion::test_get_json_valid PASSED [ 22%]
tests/test_config_service.py::TestConfigTypeConversion::test_get_json_invalid_returns_default PASSED [ 22%]
tests/test_config_service.py::TestConfigSections::test_config_has_all_sections PASSED [ 22%]
tests/test_config_service.py::TestConfigSections::test_get_config_section PASSED [ 22%]
tests/test_config_service.py::TestConfigSections::test_get_config_unknown_section PASSED [ 22%]
tests/test_config_service.py::TestConfigSections::test_set_config PASSED [ 22%]
tests/test_config_service.py::TestConfigEnvironment::test_is_development_default PASSED [ 22%]
tests/test_config_service.py::TestConfigEnvironment::test_is_production_true PASSED [ 23%]
tests/test_config_service.py::TestConfigEnvironment::test_is_development_true PASSED [ 23%]
tests/test_config_service.py::TestConfigEnvironment::test_is_debug PASSED [ 23%]
tests/test_config_service.py::TestConfigLifecycle::test_initialize_and_shutdown PASSED [ 23%]
tests/test_config_service.py::TestConfigLifecycle::test_find_env_file_returns_none_when_absent PASSED [ 23%]
tests/test_crypto_industry.py::TestCryptoIndustryMapperService::test_initialize PASSED [ 23%]
tests/test_crypto_industry.py::TestCryptoIndustryMapperService::test_shutdown PASSED [ 23%]
tests/test_crypto_industry.py::TestCryptoIndustryMapperService::test_classify_asset_btc PASSED [ 24%]
tests/test_crypto_industry.py::TestCryptoIndustryMapperService::test_classify_asset_eth PASSED [ 24%]
tests/test_crypto_industry.py::TestCryptoIndustryMapperService::test_classify_asset_stablecoin PASSED [ 24%]
tests/test_crypto_industry.py::TestCryptoIndustryMapperService::test_classify_asset_privacy PASSED [ 24%]
tests/test_crypto_industry.py::TestCryptoIndustryMapperService::test_classify_asset_unknown PASSED [ 24%]
tests/test_crypto_industry.py::TestCryptoIndustryMapperService::test_classify_asset_case_insensitive PASSED [ 24%]
tests/test_crypto_industry.py::TestCryptoIndustryMapperService::test_analyze_multiple_assets PASSED [ 25%]
tests/test_crypto_industry.py::TestCryptoIndustryMapperService::test_get_cross_asset_industries PASSED [ 25%]
tests/test_crypto_industry.py::TestCryptoIndustryMapperService::test_tiers PASSED [ 25%]
tests/test_crypto_industry.py::TestCryptoIndustryMapperService::test_layer_map PASSED [ 25%]
tests/test_crypto_industry.py::TestCryptoIndustryMapperService::test_function_map PASSED [ 25%]
tests/test_crypto_industry.py::TestCryptoIndustryMapperService::test_usage_map PASSED [ 25%]
tests/test_crypto_industry.py::TestCryptoIndustryMapperService::test_theme_map PASSED [ 25%]
tests/test_currency_conversion.py::TestCurrencyConversionServiceInitialization::test_default_service_name PASSED [ 26%]
tests/test_currency_conversion.py::TestCurrencyConversionServiceInitialization::test_initialize_logs PASSED [ 26%]
tests/test_currency_conversion.py::TestCurrencyConversionServiceInitialization::test_shutdown_logs PASSED [ 26%]
tests/test_currency_conversion.py::TestCurrencyConversion::test_same_currency_identity PASSED [ 26%]
tests/test_currency_conversion.py::TestCurrencyConversion::test_usd_to_eur_conversion PASSED [ 26%]
tests/test_currency_conversion.py::TestCurrencyConversion::test_eur_to_usd_conversion PASSED [ 26%]
tests/test_currency_conversion.py::TestCurrencyConversion::test_cross_rate_via_usd PASSED [ 26%]
tests/test_currency_conversion.py::TestCurrencyConversion::test_confidence_level_parameter PASSED [ 27%]
tests/test_currency_conversion.py::TestCurrencyConversion::test_historical_date_parameter PASSED [ 27%]
tests/test_currency_conversion.py::TestCurrencyConversion::test_conversion_methodology PASSED [ 27%]
tests/test_currency_conversion.py::TestCurrencyConversion::test_managed_float_methodology PASSED [ 27%]
tests/test_currency_conversion.py::TestCurrencyConversion::test_audit_trail_tracking PASSED [ 27%]
tests/test_currency_conversion.py::TestCurrencyConversion::test_get_audit_trail PASSED [ 27%]
tests/test_currency_conversion.py::TestErrorHandling::test_invalid_currency_fallback PASSED [ 28%]
tests/test_data_lineage.py::TestDataLineageInitialization::test_init_with_core_indicators PASSED [ 28%]
tests/test_data_lineage.py::TestDataLineageInitialization::test_shutdown_logs PASSED [ 28%]
tests/test_data_lineage.py::TestLineageTracking::test_track_origin PASSED [ 28%]
tests/test_data_lineage.py::TestLineageTracking::test_track_transformation PASSED [ 28%]
tests/test_data_lineage.py::TestLineageTracking::test_full_lineage_chain PASSED [ 28%]
tests/test_data_lineage.py::TestLineageQuery::test_get_lineage_unknown_indicator PASSED [ 28%]
tests/test_data_lineage.py::TestLineageQuery::test_get_transformation_log PASSED [ 29%]
tests/test_data_lineage.py::TestDataIntegrity::test_verify_data_integrity_valid PASSED [ 29%]
tests/test_data_lineage.py::TestDataIntegrity::test_verify_data_integrity_no_origin PASSED [ 29%]
tests/test_data_lineage.py::TestImpactAnalysis::test_get_impact_analysis_valid PASSED [ 29%]
tests/test_data_lineage.py::TestImpactAnalysis::test_get_impact_analysis_invalid PASSED [ 29%]
tests/test_database_service.py::TestDatabaseConfiguration::test_default_configuration FAILED [ 29%]
tests/test_database_service.py::TestDatabaseConfiguration::test_custom_configuration PASSED [ 29%]
tests/test_database_service.py::TestConnectionUrlMasking::test_password_is_masked PASSED [ 30%]
tests/test_database_service.py::TestConnectionUrlMasking::test_url_without_credentials PASSED [ 30%]
tests/test_database_service.py::TestConnectionUrlMasking::test_malformed_url_returned_as_is PASSED [ 30%]
tests/test_database_service.py::TestSessionGuards::test_get_session_before_init_raises PASSED [ 30%]
tests/test_database_service.py::TestSessionGuards::test_execute_before_init_raises PASSED [ 30%]
tests/test_database_service.py::TestSessionGuards::test_clean_sessions_empty PASSED [ 30%]
tests/test_database_service.py::TestStats::test_get_stats FAILED         [ 30%]
tests/test_database_service.py::TestLifecycle::test_initialize_failure_raises PASSED [ 31%]
tests/test_database_service.py::TestLifecycle::test_shutdown_without_engine_is_safe PASSED [ 31%]
tests/test_database_service.py::TestLifecycle::test_health_check_reports_unhealthy_without_engine PASSED [ 31%]
tests/test_database_service.py::TestCheckDatabaseHelper::test_check_database_delegates PASSED [ 31%]
tests/test_dependency_container.py::TestDependencyContainer::test_register_and_get_singleton PASSED [ 31%]
tests/test_dependency_container.py::TestDependencyContainer::test_register_non_singleton_returns_new_instances PASSED [ 31%]
tests/test_dependency_container.py::TestDependencyContainer::test_get_unregistered_raises_keyerror PASSED [ 32%]
tests/test_dependency_container.py::TestDependencyContainer::test_get_merges_kwargs PASSED [ 32%]
tests/test_dependency_container.py::TestDependencyContainer::test_factory_exception_propagates PASSED [ 32%]
tests/test_dependency_container.py::TestDependencyContainer::test_register_instance_stored_in_singletons PASSED [ 32%]
tests/test_dependency_container.py::TestDependencyContainer::test_register_instance_requires_factory_for_get PASSED [ 32%]
tests/test_dependency_container.py::TestDependencyContainer::test_has PASSED [ 32%]
tests/test_dependency_container.py::TestDependencyContainer::test_remove PASSED [ 32%]
tests/test_dependency_container.py::TestDependencyContainer::test_shutdown_all_calls_shutdown PASSED [ 33%]
tests/test_dependency_container.py::TestDependencyContainer::test_shutdown_all_handles_service_without_shutdown PASSED [ 33%]
tests/test_dependency_container.py::TestDependencyContainer::test_get_stats PASSED [ 33%]
tests/test_dependency_container.py::TestDependencyContainer::test_repr PASSED [ 33%]
tests/test_dependency_container.py::TestGlobalContainer::test_global_container_is_singleton PASSED [ 33%]
tests/test_fundamental_service.py::TestFundamentalAnalysisServiceInitialization::test_default_service_name PASSED [ 33%]
tests/test_fundamental_service.py::TestFundamentalAnalysisServiceInitialization::test_initialize_logs PASSED [ 33%]
tests/test_fundamental_service.py::TestFundamentalAnalysisServiceInitialization::test_shutdown_logs PASSED [ 34%]
tests/test_fundamental_service.py::TestAnalyze::test_empty_financials_returns_structure PASSED [ 34%]
tests/test_fundamental_service.py::TestAnalyze::test_full_financials_returns_ratios PASSED [ 34%]
tests/test_fundamental_service.py::TestValuationRatios::test_pe_ratio_basic PASSED [ 34%]
tests/test_fundamental_service.py::TestValuationRatios::test_pe_ratio_zero_eps PASSED [ 34%]
tests/test_fundamental_service.py::TestValuationRatios::test_pe_ratio_negative_eps PASSED [ 34%]
tests/test_fundamental_service.py::TestValuationRatios::test_pb_ratio_basic PASSED [ 35%]
tests/test_fundamental_service.py::TestValuationRatios::test_pb_ratio_zero_book_value PASSED [ 35%]
tests/test_fundamental_service.py::TestValuationRatios::test_peg_ratio_basic PASSED [ 35%]
tests/test_fundamental_service.py::TestValuationRatios::test_peg_ratio_zero_growth FAILED [ 35%]
tests/test_fundamental_service.py::TestValuationRatios::test_payout_ratio_basic PASSED [ 35%]
tests/test_fundamental_service.py::TestValuationRatios::test_payout_ratio_zero_earnings PASSED [ 35%]
tests/test_fundamental_service.py::TestProfitabilityRatios::test_gross_margin PASSED [ 35%]
tests/test_fundamental_service.py::TestProfitabilityRatios::test_gross_margin_zero_revenue PASSED [ 36%]
tests/test_fundamental_service.py::TestProfitabilityRatios::test_operating_margin PASSED [ 36%]
tests/test_fundamental_service.py::TestProfitabilityRatios::test_net_margin PASSED [ 36%]
tests/test_fundamental_service.py::TestProfitabilityRatios::test_roe PASSED [ 36%]
tests/test_fundamental_service.py::TestProfitabilityRatios::test_roe_zero_equity PASSED [ 36%]
tests/test_fundamental_service.py::TestProfitabilityRatios::test_roa PASSED [ 36%]
tests/test_fundamental_service.py::TestProfitabilityRatios::test_roa_zero_assets PASSED [ 36%]
tests/test_fundamental_service.py::TestProfitabilityRatios::test_roic PASSED [ 37%]
tests/test_fundamental_service.py::TestProfitabilityRatios::test_roic_zero_invested_capital PASSED [ 37%]
tests/test_fundamental_service.py::TestLiquidityRatios::test_current_ratio PASSED [ 37%]
tests/test_fundamental_service.py::TestLiquidityRatios::test_current_ratio_zero_liabilities PASSED [ 37%]
tests/test_fundamental_service.py::TestLiquidityRatios::test_quick_ratio PASSED [ 37%]
tests/test_fundamental_service.py::TestLiquidityRatios::test_quick_ratio_zero_liabilities PASSED [ 37%]
tests/test_fundamental_service.py::TestLiquidityRatios::test_cash_ratio PASSED [ 38%]
tests/test_fundamental_service.py::TestLiquidityRatios::test_cash_ratio_zero_liabilities PASSED [ 38%]
tests/test_fundamental_service.py::TestEfficiencyRatios::test_asset_turnover PASSED [ 38%]
tests/test_fundamental_service.py::TestEfficiencyRatios::test_asset_turnover_zero_assets PASSED [ 38%]
tests/test_fundamental_service.py::TestEfficiencyRatios::test_inventory_turnover PASSED [ 38%]
tests/test_fundamental_service.py::TestEfficiencyRatios::test_inventory_turnover_zero_inventory PASSED [ 38%]
tests/test_fundamental_service.py::TestEfficiencyRatios::test_receivables_turnover PASSED [ 38%]
tests/test_fundamental_service.py::TestEfficiencyRatios::test_receivables_turnover_zero_ar PASSED [ 39%]
tests/test_health_checker.py::TestHealthCheckRegistration::test_register_check PASSED [ 39%]
tests/test_health_checker.py::TestHealthCheckRegistration::test_run_unregistered_check PASSED [ 39%]
tests/test_health_checker.py::TestRunChecks::test_run_sync_check PASSED  [ 39%]
tests/test_health_checker.py::TestRunChecks::test_run_async_check PASSED [ 39%]
tests/test_health_checker.py::TestRunChecks::test_run_check_captures_exception PASSED [ 39%]
tests/test_health_checker.py::TestRunChecks::test_run_all_checks PASSED  [ 39%]
tests/test_health_checker.py::TestStatusAggregation::test_aggregate_unhealthy PASSED [ 40%]
tests/test_health_checker.py::TestStatusAggregation::test_aggregate_error_is_unhealthy PASSED [ 40%]
tests/test_health_checker.py::TestStatusAggregation::test_aggregate_degraded PASSED [ 40%]
tests/test_health_checker.py::TestStatusAggregation::test_aggregate_warning_is_degraded PASSED [ 40%]
tests/test_health_checker.py::TestStatusAggregation::test_aggregate_all_healthy PASSED [ 40%]
tests/test_health_checker.py::TestStatusAggregation::test_aggregate_unknown PASSED [ 40%]
tests/test_health_checker.py::TestMonitoring::test_start_and_stop_monitoring PASSED [ 40%]
tests/test_health_checker.py::TestMonitoring::test_start_monitoring_idempotent PASSED [ 41%]
tests/test_health_checker.py::TestMonitoring::test_initialize_starts_and_shutdown_stops PASSED [ 41%]
tests/test_health_checker.py::TestResultsAndStats::test_get_last_results PASSED [ 41%]
tests/test_health_checker.py::TestResultsAndStats::test_get_check_status PASSED [ 41%]
tests/test_health_checker.py::TestResultsAndStats::test_get_check_status_missing PASSED [ 41%]
tests/test_health_checker.py::TestResultsAndStats::test_get_stats PASSED [ 41%]
tests/test_health_checker.py::TestCommonChecks::test_check_cache_healthy PASSED [ 42%]
tests/test_health_checker.py::TestCommonChecks::test_check_cache_handles_failure PASSED [ 42%]
tests/test_health_checker.py::TestCommonChecks::test_check_memory PASSED [ 42%]
tests/test_health_checker.py::TestCommonChecks::test_check_disk PASSED   [ 42%]
tests/test_history_service.py::TestHistoryServiceInitialization::test_default_service_name PASSED [ 42%]
tests/test_history_service.py::TestHistoryServiceInitialization::test_initialize_logs PASSED [ 42%]
tests/test_history_service.py::TestHistoryServiceInitialization::test_shutdown_clears_cache PASSED [ 42%]
tests/test_history_service.py::TestGetStockHistory::test_cache_miss_calls_client PASSED [ 43%]
tests/test_history_service.py::TestGetStockHistory::test_cache_hit_returns_cached PASSED [ 43%]
tests/test_history_service.py::TestGetStockHistory::test_missing_client_raises PASSED [ 43%]
tests/test_history_service.py::TestGetPriceHistory::test_delegates_to_get_stock_history PASSED [ 43%]
tests/test_history_service.py::TestGetVolumeHistory::test_transforms_price_history PASSED [ 43%]
tests/test_history_service.py::TestStoreHistoricalData::test_warns_without_db_service PASSED [ 43%]
tests/test_logger_service.py::TestLoggerLevelParsing::test_parse_level[DEBUG-10] PASSED [ 43%]
tests/test_logger_service.py::TestLoggerLevelParsing::test_parse_level[info-20] PASSED [ 44%]
tests/test_logger_service.py::TestLoggerLevelParsing::test_parse_level[Warning-30] PASSED [ 44%]
tests/test_logger_service.py::TestLoggerLevelParsing::test_parse_level[ERROR-40] PASSED [ 44%]
tests/test_logger_service.py::TestLoggerLevelParsing::test_parse_level[CRITICAL-50] PASSED [ 44%]
tests/test_logger_service.py::TestLoggerLevelParsing::test_parse_level[unknown-20] PASSED [ 44%]
tests/test_logger_service.py::TestLoggerCreation::test_get_logger_returns_logger PASSED [ 44%]
tests/test_logger_service.py::TestLoggerCreation::test_get_logger_with_module_prefix PASSED [ 45%]
tests/test_logger_service.py::TestLoggerCreation::test_get_logger_is_cached PASSED [ 45%]
tests/test_logger_service.py::TestLoggerContext::test_set_and_get_context PASSED [ 45%]
tests/test_logger_service.py::TestLoggerContext::test_get_context_returns_copy PASSED [ 45%]
tests/test_logger_service.py::TestLoggerContext::test_clear_context PASSED [ 45%]
tests/test_logger_service.py::TestLoggerStructured::test_log_structured_emits_json PASSED [ 45%]
tests/test_logger_service.py::TestLoggerStructured::test_log_structured_merges_context PASSED [ 45%]
tests/test_logger_service.py::TestLoggerStructured::test_log_error PASSED [ 46%]
tests/test_logger_service.py::TestLoggerStructured::test_log_performance PASSED [ 46%]
tests/test_logger_service.py::TestLoggerLevelAndStats::test_set_level PASSED [ 46%]
tests/test_logger_service.py::TestLoggerLevelAndStats::test_get_stats PASSED [ 46%]
tests/test_logger_service.py::TestLoggerFileMode::test_file_handler_creates_directory PASSED [ 46%]
tests/test_logger_service.py::TestLoggerLifecycle::test_initialize_and_shutdown PASSED [ 46%]
tests/test_market_service.py::TestMarketServiceInitialization::test_default_service_name PASSED [ 46%]
tests/test_market_service.py::TestMarketServiceInitialization::test_initialize_logs PASSED [ 47%]
tests/test_market_service.py::TestMarketServiceInitialization::test_shutdown_clears_cache PASSED [ 47%]
tests/test_market_service.py::TestGetIndices::test_cache_miss_calls_client PASSED [ 47%]
tests/test_market_service.py::TestGetIndices::test_cache_hit_returns_cached PASSED [ 47%]
tests/test_market_service.py::TestGetIndices::test_missing_client_raises PASSED [ 47%]
tests/test_market_service.py::TestGetStats::test_cache_miss_calls_client PASSED [ 47%]
tests/test_market_service.py::TestGetStats::test_cache_hit_returns_cached PASSED [ 47%]
tests/test_market_service.py::TestGetStats::test_missing_client_raises PASSED [ 48%]
tests/test_market_service.py::TestGetGainers::test_cache_miss_calls_client PASSED [ 48%]
tests/test_market_service.py::TestGetGainers::test_missing_client_raises PASSED [ 48%]
tests/test_market_service.py::TestGetLosers::test_cache_miss_calls_client PASSED [ 48%]
tests/test_market_service.py::TestGetLosers::test_missing_client_raises PASSED [ 48%]
tests/test_market_service.py::TestGetMostActive::test_cache_miss_calls_client PASSED [ 48%]
tests/test_market_service.py::TestGetMostActive::test_missing_client_raises PASSED [ 49%]
tests/test_metrics_service.py::TestMetricsService::test_initialize_and_shutdown PASSED [ 49%]
tests/test_metrics_service.py::TestMetricsService::test_register_and_unregister_service PASSED [ 49%]
tests/test_metrics_service.py::TestMetricsService::test_get_service_metrics_missing PASSED [ 49%]
tests/test_metrics_service.py::TestMetricsService::test_get_all_metrics_aggregation PASSED [ 49%]
tests/test_metrics_service.py::TestMetricsService::test_get_health_summary PASSED [ 49%]
tests/test_metrics_service.py::TestMetricsService::test_health_check PASSED [ 49%]
tests/test_ml_services.py::TestPredictionService::test_initialize PASSED [ 50%]
tests/test_ml_services.py::TestPredictionService::test_shutdown PASSED   [ 50%]
tests/test_ml_services.py::TestPredictionService::test_train_valid_data PASSED [ 50%]
tests/test_ml_services.py::TestPredictionService::test_train_invalid_data_mismatched_features_labels PASSED [ 50%]
tests/test_ml_services.py::TestPredictionService::test_train_invalid_data_empty_features PASSED [ 50%]
tests/test_ml_services.py::TestPredictionService::test_predict_insufficient_data PASSED [ 50%]
tests/test_ml_services.py::TestPredictionService::test_predict_model_not_trained PASSED [ 50%]
tests/test_ml_services.py::TestPredictionService::test_predict_success_upward PASSED [ 51%]
tests/test_ml_services.py::TestPredictionService::test_predict_success_downward PASSED [ 51%]
tests/test_ml_services.py::TestPredictionService::test_predict_custom_horizon PASSED [ 51%]
tests/test_ml_services.py::TestPredictionService::test_batch_predict_success PASSED [ 51%]
tests/test_ml_services.py::TestPredictionService::test_batch_predict_with_exceptions PASSED [ 51%]
tests/test_ml_services.py::TestPredictionService::test_health_check PASSED [ 51%]
tests/test_ml_services.py::TestPredictionService::test_metrics_tracking PASSED [ 52%]
tests/test_ml_services.py::TestRecommendationService::test_initialize PASSED [ 52%]
tests/test_ml_services.py::TestRecommendationService::test_shutdown PASSED [ 52%]
tests/test_ml_services.py::TestRecommendationService::test_predict_strong_buy FAILED [ 52%]
tests/test_ml_services.py::TestRecommendationService::test_predict_buy PASSED [ 52%]
tests/test_ml_services.py::TestRecommendationService::test_predict_hold FAILED [ 52%]
tests/test_ml_services.py::TestRecommendationService::test_predict_sell PASSED [ 52%]
tests/test_ml_services.py::TestRecommendationService::test_predict_strong_sell PASSED [ 53%]
tests/test_ml_services.py::TestRecommendationService::test_predict_default_values PASSED [ 53%]
tests/test_ml_services.py::TestRecommendationService::test_predict_score_calculation_accuracy FAILED [ 53%]
tests/test_ml_services.py::TestRecommendationService::test_confidence_capped_at_0_95 PASSED [ 53%]
tests/test_ml_services.py::TestRecommendationService::test_train_integration PASSED [ 53%]
tests/test_ml_services.py::TestAnomalyDetectionService::test_initialize PASSED [ 53%]
tests/test_ml_services.py::TestAnomalyDetectionService::test_shutdown PASSED [ 53%]
tests/test_ml_services.py::TestAnomalyDetectionService::test_train_calculates_statistics PASSED [ 54%]
tests/test_ml_services.py::TestAnomalyDetectionService::test_train_empty_data_raises_error PASSED [ 54%]
tests/test_ml_services.py::TestAnomalyDetectionService::test_predict_anomaly_detected PASSED [ 54%]
tests/test_ml_services.py::TestAnomalyDetectionService::test_predict_no_anomaly FAILED [ 54%]
tests/test_ml_services.py::TestAnomalyDetectionService::test_predict_insufficient_data FAILED [ 54%]
tests/test_ml_services.py::TestAnomalyDetectionService::test_predict_model_not_trained FAILED [ 54%]
tests/test_ml_services.py::TestAnomalyDetectionService::test_predict_uses_returns_over_prices PASSED [ 54%]
tests/test_ml_services.py::TestAnomalyDetectionService::test_batch_detect PASSED [ 55%]
tests/test_ml_services.py::TestPatternRecognitionService::test_initialize PASSED [ 55%]
tests/test_ml_services.py::TestPatternRecognitionService::test_shutdown PASSED [ 55%]
tests/test_ml_services.py::TestPatternRecognitionService::test_train PASSED [ 55%]
tests/test_ml_services.py::TestPatternRecognitionService::test_predict_resistance_test PASSED [ 55%]
tests/test_ml_services.py::TestPatternRecognitionService::test_predict_support_test PASSED [ 55%]
tests/test_ml_services.py::TestPatternRecognitionService::test_predict_continuation FAILED [ 56%]
tests/test_ml_services.py::TestPatternRecognitionService::test_predict_insufficient_data PASSED [ 56%]
tests/test_ml_services.py::TestPatternRecognitionService::test_detect_patterns_multiple PASSED [ 56%]
tests/test_ml_services.py::TestPatternRecognitionService::test_predict_default_ticker PASSED [ 56%]
tests/test_ml_services.py::TestPortfolioOptimizationService::test_initialize PASSED [ 56%]
tests/test_ml_services.py::TestPortfolioOptimizationService::test_shutdown PASSED [ 56%]
tests/test_ml_services.py::TestPortfolioOptimizationService::test_predict_basic_allocation FAILED [ 56%]
tests/test_ml_services.py::TestPortfolioOptimizationService::test_predict_empty_assets_raises_error PASSED [ 57%]
tests/test_ml_services.py::TestPortfolioOptimizationService::test_predict_allocation_positive PASSED [ 57%]
tests/test_ml_services.py::TestPortfolioOptimizationService::test_predict_expected_return_calculation PASSED [ 57%]
tests/test_ml_services.py::TestPortfolioOptimizationService::test_predict_sharpe_ratio_calculation PASSED [ 57%]
tests/test_ml_services.py::TestPortfolioOptimizationService::test_predict_missing_asset_defaults PASSED [ 57%]
tests/test_ml_services.py::TestPortfolioOptimizationService::test_predict_default_portfolio_id PASSED [ 57%]
tests/test_ml_services.py::TestPortfolioOptimizationService::test_train_integration PASSED [ 57%]
tests/test_ml_services.py::TestMLServiceIntegration::test_service_lifecycle_full_flow PASSED [ 58%]
tests/test_ml_services.py::TestMLServiceIntegration::test_multiple_prediction_calls FAILED [ 58%]
tests/test_momentum_service.py::TestMomentumServiceInitialization::test_default_service_name PASSED [ 58%]
tests/test_momentum_service.py::TestMomentumServiceInitialization::test_initialize_logs PASSED [ 58%]
tests/test_momentum_service.py::TestMomentumServiceInitialization::test_shutdown_logs PASSED [ 58%]
tests/test_momentum_service.py::TestAnalyze::test_insufficient_data_returns_error PASSED [ 58%]
tests/test_momentum_service.py::TestAnalyze::test_valid_data_returns_momentum PASSED [ 59%]
tests/test_momentum_service.py::TestMomentumStrength::test_bullish_strength PASSED [ 59%]
tests/test_momentum_service.py::TestMomentumStrength::test_bearish_strength PASSED [ 59%]
tests/test_momentum_service.py::TestMomentumStrength::test_neutral_strength PASSED [ 59%]
tests/test_momentum_service.py::TestMomentumStrength::test_insufficient_prices PASSED [ 59%]
tests/test_momentum_service.py::TestMomentumDirection::test_strong_bullish PASSED [ 59%]
tests/test_momentum_service.py::TestMomentumDirection::test_bullish PASSED [ 59%]
tests/test_momentum_service.py::TestMomentumDirection::test_neutral PASSED [ 60%]
tests/test_momentum_service.py::TestMomentumDirection::test_strong_bearish PASSED [ 60%]
tests/test_momentum_service.py::TestMomentumDirection::test_bearish PASSED [ 60%]
tests/test_momentum_service.py::TestAcceleration::test_positive_acceleration PASSED [ 60%]
tests/test_momentum_service.py::TestAcceleration::test_negative_acceleration PASSED [ 60%]
tests/test_momentum_service.py::TestAcceleration::test_insufficient_prices PASSED [ 60%]
tests/test_momentum_service.py::TestReversalProbability::test_at_high_extreme PASSED [ 60%]
tests/test_momentum_service.py::TestReversalProbability::test_at_low_extreme PASSED [ 61%]
tests/test_momentum_service.py::TestReversalProbability::test_not_at_extreme PASSED [ 61%]
tests/test_momentum_service.py::TestReversalProbability::test_insufficient_prices PASSED [ 61%]
tests/test_monetary_policy.py::TestMonetaryPolicyServiceInitialization::test_default_service_name PASSED [ 61%]
tests/test_monetary_policy.py::TestMonetaryPolicyServiceInitialization::test_initialize_logs PASSED [ 61%]
tests/test_monetary_policy.py::TestMonetaryPolicyServiceInitialization::test_shutdown_logs PASSED [ 61%]
tests/test_monetary_policy.py::TestSectoralBalances::test_basic_sectoral_balance_calculation PASSED [ 61%]
tests/test_monetary_policy.py::TestSectoralBalances::test_government_surplus PASSED [ 62%]
tests/test_monetary_policy.py::TestSectoralBalances::test_missing_data_handling PASSED [ 62%]
tests/test_monetary_policy.py::TestSectoralBalances::test_identity_verification PASSED [ 62%]
tests/test_monetary_policy.py::TestMonetaryAggregates::test_money_multipliers PASSED [ 62%]
tests/test_monetary_policy.py::TestMonetaryAggregates::test_zero_monetary_base PASSED [ 62%]
tests/test_monetary_policy.py::TestMonetaryAggregates::test_missing_monetary_data PASSED [ 62%]
tests/test_monetary_policy.py::TestMMTRegimeClassification::test_fiscal_expansion_regime PASSED [ 63%]
tests/test_monetary_policy.py::TestMMTRegimeClassification::test_private_sector_saving_regime PASSED [ 63%]
tests/test_monetary_policy.py::TestMMTRegimeClassification::test_external_driven_regime PASSED [ 63%]
tests/test_monetary_policy.py::TestFiscalSpace::test_fiscal_space_calculation PASSED [ 63%]
tests/test_monetary_policy.py::TestFiscalSpace::test_fiscal_space_full_employment PASSED [ 63%]
tests/test_monetary_policy.py::TestFiscalSpace::test_fiscal_space_high_inflation PASSED [ 63%]
tests/test_monetary_policy.py::TestFullAnalysis::test_full_analysis PASSED [ 63%]
tests/test_monetary_policy.py::TestSectoralBalanceTrend::test_get_trend PASSED [ 64%]
tests/test_monetary_policy.py::TestSectoralBalanceTrend::test_no_history PASSED [ 64%]
tests/test_monetary_policy.py::TestMMTRegimeHistory::test_get_history PASSED [ 64%]
tests/test_news_service.py::TestNewsServiceInitialization::test_default_service_name PASSED [ 64%]
tests/test_news_service.py::TestNewsServiceInitialization::test_initialize_logs PASSED [ 64%]
tests/test_news_service.py::TestNewsServiceInitialization::test_shutdown_clears_cache PASSED [ 64%]
tests/test_news_service.py::TestGetMarketNews::test_returns_empty_when_client_missing PASSED [ 64%]
tests/test_news_service.py::TestGetMarketNews::test_caches_result PASSED [ 65%]
tests/test_news_service.py::TestGetMarketNews::test_cache_hit_returns_cached PASSED [ 65%]
tests/test_news_service.py::TestGetStockNews::test_returns_empty_when_client_missing PASSED [ 65%]
tests/test_news_service.py::TestGetStockNews::test_caches_result PASSED  [ 65%]
tests/test_news_service.py::TestSearchNews::test_returns_empty_when_client_missing PASSED [ 65%]
tests/test_news_service.py::TestSearchNews::test_caches_result PASSED    [ 65%]
tests/test_news_service.py::TestGetRelatedNews::test_aggregates_stock_news PASSED [ 66%]
tests/test_notification_service.py::TestNotificationCrud::test_create PASSED [ 66%]
tests/test_notification_service.py::TestNotificationCrud::test_list_with_total PASSED [ 66%]
tests/test_notification_service.py::TestNotificationCrud::test_list_unread_only PASSED [ 66%]
tests/test_notification_service.py::TestReadState::test_mark_read PASSED [ 66%]
tests/test_notification_service.py::TestReadState::test_mark_read_missing PASSED [ 66%]
tests/test_notification_service.py::TestReadState::test_mark_all_read PASSED [ 66%]
tests/test_notification_service.py::TestDelete::test_delete_notification PASSED [ 67%]
tests/test_notification_service.py::TestDelete::test_delete_missing PASSED [ 67%]
tests/test_portfolio_service.py::TestPortfolioServiceInitialization::test_default_service_name PASSED [ 67%]
tests/test_portfolio_service.py::TestPortfolioServiceInitialization::test_initialize_logs PASSED [ 67%]
tests/test_portfolio_service.py::TestPortfolioServiceInitialization::test_shutdown_logs PASSED [ 67%]
tests/test_portfolio_service.py::TestCRUD::test_get_by_id_returns_none PASSED [ 67%]
tests/test_portfolio_service.py::TestCRUD::test_list_all_returns_empty PASSED [ 67%]
tests/test_portfolio_service.py::TestCRUD::test_create_returns_data PASSED [ 68%]
tests/test_portfolio_service.py::TestCRUD::test_update_returns_data PASSED [ 68%]
tests/test_portfolio_service.py::TestCRUD::test_delete_returns_true PASSED [ 68%]
tests/test_portfolio_service.py::TestCRUD::test_add_holding_creates_holding_dict PASSED [ 68%]
tests/test_portfolio_service.py::TestCRUD::test_remove_holding_returns_true PASSED [ 68%]
tests/test_portfolio_service.py::TestCRUD::test_get_holdings_returns_empty PASSED [ 68%]
tests/test_portfolio_service.py::TestCalculateValue::test_computes_total_value PASSED [ 69%]
tests/test_portfolio_service.py::TestCalculateValue::test_zero_holdings_returns_zero PASSED [ 69%]
tests/test_preference_service.py::TestPreferences::test_set_and_get PASSED [ 69%]
tests/test_preference_service.py::TestPreferences::test_set_updates_existing PASSED [ 69%]
tests/test_preference_service.py::TestPreferences::test_list_preferences PASSED [ 69%]
tests/test_preference_service.py::TestPreferences::test_get_missing_returns_none PASSED [ 69%]
tests/test_preference_service.py::TestPreferences::test_delete_preference PASSED [ 69%]
tests/test_preference_service.py::TestPreferences::test_delete_missing PASSED [ 70%]
tests/test_queue_service.py::TestQueueService::test_initialize_and_shutdown PASSED [ 70%]
tests/test_queue_service.py::TestQueueService::test_set_processor PASSED [ 70%]
tests/test_queue_service.py::TestQueueService::test_enqueue_and_get_job PASSED [ 70%]
tests/test_queue_service.py::TestQueueService::test_enqueue_no_processor_fails PASSED [ 70%]
tests/test_queue_service.py::TestQueueService::test_get_queue_stats PASSED [ 70%]
tests/test_queue_service.py::TestQueueService::test_get_dead_letter_jobs PASSED [ 70%]
tests/test_queue_service.py::TestQueueService::test_health_check PASSED  [ 71%]
tests/test_risk_service.py::TestRiskAnalysisServiceInitialization::test_default_service_name PASSED [ 71%]
tests/test_risk_service.py::TestRiskAnalysisServiceInitialization::test_initialize_logs PASSED [ 71%]
tests/test_risk_service.py::TestRiskAnalysisServiceInitialization::test_shutdown_logs PASSED [ 71%]
tests/test_risk_service.py::TestAnalyze::test_insufficient_data_returns_error PASSED [ 71%]
tests/test_risk_service.py::TestAnalyze::test_valid_data_returns_metrics PASSED [ 71%]
tests/test_risk_service.py::TestVolatilityMetrics::test_std_dev_basic PASSED [ 71%]
tests/test_risk_service.py::TestVolatilityMetrics::test_std_dev_empty PASSED [ 72%]
tests/test_risk_service.py::TestVolatilityMetrics::test_std_dev_single_value PASSED [ 72%]
tests/test_risk_service.py::TestValueAtRisk::test_var_calculation PASSED [ 72%]
tests/test_risk_service.py::TestValueAtRisk::test_var_empty_returns PASSED [ 72%]
tests/test_risk_service.py::TestPerformanceMetrics::test_sharpe_ratio_positive PASSED [ 72%]
tests/test_risk_service.py::TestPerformanceMetrics::test_max_drawdown PASSED [ 72%]
tests/test_risk_service.py::TestPerformanceMetrics::test_max_drawdown_empty PASSED [ 73%]
tests/test_risk_service.py::TestPerformanceMetrics::test_sortino_ratio PASSED [ 73%]
tests/test_risk_service.py::TestPortfolioRisk::test_equal_weight_portfolio PASSED [ 73%]
tests/test_risk_service.py::TestPortfolioRisk::test_single_asset_portfolio PASSED [ 73%]
tests/test_risk_service.py::TestPortfolioRisk::test_zero_volatility_assets PASSED [ 73%]
tests/test_risk_service.py::TestStressTest::test_single_scenario PASSED  [ 73%]
tests/test_risk_service.py::TestStressTest::test_multiple_scenarios PASSED [ 73%]
tests/test_risk_service.py::TestStressTest::test_empty_scenarios PASSED  [ 74%]
tests/test_scheduler_service.py::TestSchedulerService::test_initialize_and_shutdown PASSED [ 74%]
tests/test_scheduler_service.py::TestSchedulerService::test_register_and_unregister_job PASSED [ 74%]
tests/test_scheduler_service.py::TestSchedulerService::test_run_job_now PASSED [ 74%]
tests/test_scheduler_service.py::TestSchedulerService::test_run_job_now_missing PASSED [ 74%]
tests/test_scheduler_service.py::TestSchedulerService::test_list_jobs PASSED [ 74%]
tests/test_scheduler_service.py::TestSchedulerService::test_health_check PASSED [ 74%]
tests/test_scoring_service.py::TestScoringServiceInitialization::test_default_service_name PASSED [ 75%]
tests/test_scoring_service.py::TestScoringServiceInitialization::test_initialize_builds_hierarchy PASSED [ 75%]
tests/test_scoring_service.py::TestScoringServiceInitialization::test_hierarchy_node_count FAILED [ 75%]
tests/test_scoring_service.py::TestScoringServiceInitialization::test_shutdown_clears_cache PASSED [ 75%]
tests/test_scoring_service.py::TestAnalyze::test_empty_data_returns_zero_scores PASSED [ 75%]
tests/test_scoring_service.py::TestAnalyze::test_full_scoring_returns_grade PASSED [ 75%]
tests/test_scoring_service.py::TestAnalyze::test_caches_dimension_scores PASSED [ 76%]
tests/test_scoring_service.py::TestScoreDimension::test_empty_dimension_returns_zero PASSED [ 76%]
tests/test_scoring_service.py::TestScoreDimension::test_numeric_values_are_normalized PASSED [ 76%]
tests/test_scoring_service.py::TestNormalizeScore::test_tse_rsi_scoring PASSED [ 76%]
tests/test_scoring_service.py::TestNormalizeScore::test_global_rsi_scoring PASSED [ 76%]
tests/test_scoring_service.py::TestNormalizeScore::test_crypto_rsi_scoring PASSED [ 76%]
tests/test_scoring_service.py::TestNormalizeScore::test_pe_tse_scoring PASSED [ 76%]
tests/test_scoring_service.py::TestNormalizeScore::test_pe_global_scoring PASSED [ 77%]
tests/test_scoring_service.py::TestNormalizeScore::test_roe_scoring PASSED [ 77%]
tests/test_scoring_service.py::TestNormalizeScore::test_crypto_volatility_scoring PASSED [ 77%]
tests/test_scoring_service.py::TestNormalizeScore::test_crypto_risk_scoring PASSED [ 77%]
tests/test_scoring_service.py::TestNormalizeScore::test_default_generic_normalization PASSED [ 77%]
tests/test_scoring_service.py::TestGradeAssignment::test_strong_buy_grade PASSED [ 77%]
tests/test_scoring_service.py::TestGradeAssignment::test_buy_grade PASSED [ 77%]
tests/test_scoring_service.py::TestGradeAssignment::test_hold_grade PASSED [ 78%]
tests/test_scoring_service.py::TestGradeAssignment::test_sell_grade PASSED [ 78%]
tests/test_scoring_service.py::TestGradeAssignment::test_strong_sell_grade PASSED [ 78%]
tests/test_scoring_service.py::TestSignalGeneration::test_strong_signals PASSED [ 78%]
tests/test_scoring_service.py::TestSignalGeneration::test_positive_signals PASSED [ 78%]
tests/test_scoring_service.py::TestSignalGeneration::test_weak_signals PASSED [ 78%]
tests/test_scoring_service.py::TestSignalGeneration::test_neutral_no_signal PASSED [ 78%]
tests/test_scoring_service.py::TestBatchOperations::test_score_multiple PASSED [ 79%]
tests/test_scoring_service.py::TestBatchOperations::test_rank_stocks_by_overall PASSED [ 79%]
tests/test_scoring_service.py::TestBatchOperations::test_rank_stocks_by_dimension PASSED [ 79%]
tests/test_scoring_service.py::TestHierarchyInfo::test_hierarchy_counts FAILED [ 79%]
tests/test_scoring_service_ml.py::TestScoringServiceMLIntegration::test_get_dynamic_weights_calls_coefficient_service PASSED [ 79%]
tests/test_scoring_service_ml.py::TestScoringServiceMLIntegration::test_get_dynamic_weights_uses_static_when_ml_unavailable PASSED [ 79%]
tests/test_scoring_service_ml.py::TestScoringServiceMLIntegration::test_get_dynamic_weights_uses_static_when_sum_invalid PASSED [ 80%]
tests/test_scoring_service_ml.py::TestScoringServiceMLIntegration::test_get_dynamic_weights_no_ml_flag_uses_static PASSED [ 80%]
tests/test_scoring_service_ml.py::TestScoringServiceMLIntegration::test_analyze_uses_ml_weights PASSED [ 80%]
tests/test_scoring_service_ml.py::TestScoringServiceMLIntegration::test_analyze_uses_static_weights_when_ml_unavailable PASSED [ 80%]
tests/test_scoring_service_ml.py::TestScoringServiceMLIntegration::test_shutdown_calls_super PASSED [ 80%]
tests/test_semantic_versioning.py::TestSemanticVersioningInitialization::test_default_service_name PASSED [ 80%]
tests/test_semantic_versioning.py::TestSemanticVersioningInitialization::test_initialize_logs PASSED [ 80%]
tests/test_semantic_versioning.py::TestSemanticVersioningInitialization::test_shutdown_logs PASSED [ 81%]
tests/test_semantic_versioning.py::TestSemanticVersioningMethods::test_check_version_compatibility PASSED [ 81%]
tests/test_specialized_services.py::TestSectorAnalysisService::test_initialize_and_shutdown_log PASSED [ 81%]
tests/test_specialized_services.py::TestSectorAnalysisService::test_empty_sector PASSED [ 81%]
tests/test_specialized_services.py::TestSectorAnalysisService::test_sector_summary_aggregates PASSED [ 81%]
tests/test_specialized_services.py::TestSectorAnalysisService::test_analyze_all_groups_and_ranks PASSED [ 81%]
tests/test_specialized_services.py::TestScreeningService::test_passes_min_score PASSED [ 81%]
tests/test_specialized_services.py::TestScreeningService::test_sector_filter PASSED [ 82%]
tests/test_specialized_services.py::TestScreeningService::test_no_criteria_matches_all PASSED [ 82%]
tests/test_specialized_services.py::TestScreeningService::test_results_sorted_by_match_score PASSED [ 82%]
tests/test_specialized_services.py::TestScreeningService::test_price_and_volume_bounds PASSED [ 82%]
tests/test_specialized_services.py::TestComparisonService::test_compare_empty PASSED [ 82%]
tests/test_specialized_services.py::TestComparisonService::test_compare_rankings PASSED [ 82%]
tests/test_specialized_services.py::TestComparisonService::test_handles_missing_metrics PASSED [ 83%]
tests/test_specialized_services.py::TestCorrelationService::test_identical_series_correlate_one PASSED [ 83%]
tests/test_specialized_services.py::TestCorrelationService::test_inverse_series_detected PASSED [ 83%]
tests/test_specialized_services.py::TestCorrelationService::test_high_correlation_pair PASSED [ 83%]
tests/test_specialized_services.py::TestCorrelationService::test_empty_input PASSED [ 83%]
tests/test_specialized_services.py::TestCorrelationService::test_alignment_to_shortest PASSED [ 83%]
tests/test_specialized_services.py::TestCalendarService::test_initialize_shutdown PASSED [ 83%]
tests/test_specialized_services.py::TestCalendarService::test_friday_is_weekend PASSED [ 84%]
tests/test_specialized_services.py::TestCalendarService::test_next_trading_day_skips_weekend PASSED [ 84%]
tests/test_specialized_services.py::TestCalendarService::test_month_calendar_counts PASSED [ 84%]
tests/test_specialized_services.py::TestCalendarService::test_add_and_get_events PASSED [ 84%]
tests/test_specialized_services.py::TestCalendarService::test_events_in_range PASSED [ 84%]
tests/test_specialized_services.py::TestCalendarService::test_custom_weekend PASSED [ 84%]
tests/test_stock_service.py::TestStockServiceInitialization::test_default_service_name PASSED [ 84%]
tests/test_stock_service.py::TestStockServiceInitialization::test_initialize_logs PASSED [ 85%]
tests/test_stock_service.py::TestStockServiceInitialization::test_shutdown_clears_cache PASSED [ 85%]
tests/test_stock_service.py::TestGetStock::test_cache_miss_calls_client PASSED [ 85%]
tests/test_stock_service.py::TestGetStock::test_cache_hit_returns_cached PASSED [ 85%]
tests/test_stock_service.py::TestGetStock::test_missing_client_raises PASSED [ 85%]
tests/test_stock_service.py::TestGetStock::test_stores_result_in_cache PASSED [ 85%]
tests/test_stock_service.py::TestGetPrice::test_delegates_to_client PASSED [ 85%]
tests/test_stock_service.py::TestGetPrice::test_missing_client_raises PASSED [ 86%]
tests/test_stock_service.py::TestGetHistory::test_cache_miss_calls_client PASSED [ 86%]
tests/test_stock_service.py::TestGetHistory::test_cache_hit_returns_cached PASSED [ 86%]
tests/test_stock_service.py::TestGetHistory::test_missing_client_raises PASSED [ 86%]
tests/test_stock_service.py::TestSearch::test_cache_miss_calls_client PASSED [ 86%]
tests/test_stock_service.py::TestSearch::test_cache_hit_returns_cached PASSED [ 86%]
tests/test_stock_service.py::TestSearch::test_missing_client_raises PASSED [ 87%]
tests/test_stock_service.py::TestGetMultiple::test_collects_all_results PASSED [ 87%]
tests/test_stock_service.py::TestGetMultiple::test_handles_client_error_gracefully PASSED [ 87%]
tests/test_structural_break.py::TestStructuralBreakDetectionService::test_initialize PASSED [ 87%]
tests/test_structural_break.py::TestStructuralBreakDetectionService::test_shutdown PASSED [ 87%]
tests/test_structural_break.py::TestStructuralBreakDetectionService::test_analyze_insufficient_data PASSED [ 87%]
tests/test_structural_break.py::TestStructuralBreakDetectionService::test_bai_perron_test PASSED [ 87%]
tests/test_structural_break.py::TestStructuralBreakDetectionService::test_chow_test PASSED [ 88%]
tests/test_structural_break.py::TestStructuralBreakDetectionService::test_markov_structure_change PASSED [ 88%]
tests/test_structural_break.py::TestStructuralBreakDetectionService::test_analyze_with_data PASSED [ 88%]
tests/test_technical_service.py::TestTechnicalAnalysisServiceInitialization::test_default_service_name PASSED [ 88%]
tests/test_technical_service.py::TestTechnicalAnalysisServiceInitialization::test_initialize_logs PASSED [ 88%]
tests/test_technical_service.py::TestTechnicalAnalysisServiceInitialization::test_shutdown_logs PASSED [ 88%]
tests/test_technical_service.py::TestAnalyze::test_insufficient_data_returns_error PASSED [ 88%]
tests/test_technical_service.py::TestAnalyze::test_valid_data_returns_indicators PASSED [ 89%]
tests/test_technical_service.py::TestAnalyze::test_missing_volumes_skips_volume_indicators PASSED [ 89%]
tests/test_technical_service.py::TestMovingAverages::test_sma_basic PASSED [ 89%]
tests/test_technical_service.py::TestMovingAverages::test_sma_insufficient_data PASSED [ 89%]
tests/test_technical_service.py::TestMovingAverages::test_ema_basic PASSED [ 89%]
tests/test_technical_service.py::TestMovingAverages::test_ema_series PASSED [ 89%]
tests/test_technical_service.py::TestMovingAverages::test_wma_basic PASSED [ 90%]
tests/test_technical_service.py::TestMovingAverages::test_dema PASSED    [ 90%]
tests/test_technical_service.py::TestMovingAverages::test_tema PASSED    [ 90%]
tests/test_technical_service.py::TestMovingAverages::test_t3 PASSED      [ 90%]
tests/test_technical_service.py::TestMovingAverages::test_hull_ma PASSED [ 90%]
tests/test_technical_service.py::TestMomentumOscillators::test_rsi_basic PASSED [ 90%]
tests/test_technical_service.py::TestMomentumOscillators::test_rsi_insufficient_data PASSED [ 90%]
tests/test_technical_service.py::TestMomentumOscillators::test_macd_basic PASSED [ 91%]
tests/test_technical_service.py::TestMomentumOscillators::test_stochastic PASSED [ 91%]
tests/test_technical_service.py::TestMomentumOscillators::test_kdj PASSED [ 91%]
tests/test_technical_service.py::TestMomentumOscillators::test_cci PASSED [ 91%]
tests/test_technical_service.py::TestMomentumOscillators::test_williams_r PASSED [ 91%]
tests/test_technical_service.py::TestMomentumOscillators::test_roc PASSED [ 91%]
tests/test_technical_service.py::TestMomentumOscillators::test_trix PASSED [ 91%]
tests/test_technical_service.py::TestMomentumOscillators::test_stoch_rsi PASSED [ 92%]
tests/test_technical_service.py::TestMomentumOscillators::test_price_oscillator PASSED [ 92%]
tests/test_technical_service.py::TestVolatilityIndicators::test_bollinger_bands PASSED [ 92%]
tests/test_technical_service.py::TestVolatilityIndicators::test_std_dev PASSED [ 92%]
tests/test_technical_service.py::TestVolatilityIndicators::test_variance PASSED [ 92%]
tests/test_technical_service.py::TestVolatilityIndicators::test_atr PASSED [ 92%]
tests/test_technical_service.py::TestVolatilityIndicators::test_kama PASSED [ 92%]
tests/test_technical_service.py::TestVolatilityIndicators::test_donchian PASSED [ 93%]
tests/test_technical_service.py::TestTrendIndicators::test_adx PASSED    [ 93%]
tests/test_technical_service.py::TestTrendIndicators::test_ichimoku PASSED [ 93%]
tests/test_technical_service.py::TestTrendIndicators::test_parabolic_sar PASSED [ 93%]
tests/test_technical_service.py::TestTrendIndicators::test_aroon PASSED  [ 93%]
tests/test_technical_service.py::TestTrendIndicators::test_supertrend PASSED [ 93%]
tests/test_technical_service.py::TestVolumeIndicators::test_obv PASSED   [ 94%]
tests/test_technical_service.py::TestVolumeIndicators::test_cmf PASSED   [ 94%]
tests/test_technical_service.py::TestVolumeIndicators::test_ad_line PASSED [ 94%]
tests/test_technical_service.py::TestVolumeIndicators::test_vpt PASSED   [ 94%]
tests/test_technical_service.py::TestVolumeIndicators::test_mfi PASSED   [ 94%]
tests/test_technical_service.py::TestVolumeIndicators::test_ease_of_movement PASSED [ 94%]
tests/test_technical_service.py::TestSupportResistance::test_pivot_points PASSED [ 94%]
tests/test_technical_service.py::TestSupportResistance::test_fibonacci PASSED [ 95%]
tests/test_technical_service.py::TestExtraOscillators::test_awesome_oscillator PASSED [ 95%]
tests/test_technical_service.py::TestExtraOscillators::test_ultimate_oscillator PASSED [ 95%]
tests/test_user_profile_service.py::TestGetProfile::test_returns_user PASSED [ 95%]
tests/test_user_profile_service.py::TestGetProfile::test_missing_user_returns_none PASSED [ 95%]
tests/test_user_profile_service.py::TestUpdateProfile::test_updates_fields PASSED [ 95%]
tests/test_user_profile_service.py::TestUpdateProfile::test_ignores_none_values PASSED [ 95%]
tests/test_user_profile_service.py::TestUpdateProfile::test_missing_user_returns_none PASSED [ 96%]
tests/test_volatility_service.py::TestVolatilityServiceInitialization::test_default_service_name PASSED [ 96%]
tests/test_volatility_service.py::TestVolatilityServiceInitialization::test_initialize_logs PASSED [ 96%]
tests/test_volatility_service.py::TestVolatilityServiceInitialization::test_shutdown_logs PASSED [ 96%]
tests/test_volatility_service.py::TestAnalyze::test_insufficient_data_returns_error PASSED [ 96%]
tests/test_volatility_service.py::TestAnalyze::test_valid_data_returns_volatility PASSED [ 96%]
tests/test_volatility_service.py::TestAnalyze::test_volatility_regime_values PASSED [ 97%]
tests/test_volatility_service.py::TestHistoricalVolatility::test_basic_calculation PASSED [ 97%]
tests/test_volatility_service.py::TestHistoricalVolatility::test_single_return PASSED [ 97%]
tests/test_volatility_service.py::TestHistoricalVolatility::test_constant_returns PASSED [ 97%]
tests/test_volatility_service.py::TestHistoricalVolatility::test_annualized_volatility PASSED [ 97%]
tests/test_volatility_service.py::TestHistoricalVolatility::test_short_term_volatility PASSED [ 97%]
tests/test_volatility_service.py::TestHistoricalVolatility::test_long_term_volatility PASSED [ 97%]
tests/test_volatility_service.py::TestVolatilityRegime::test_high_volatility PASSED [ 98%]
tests/test_volatility_service.py::TestVolatilityRegime::test_normal_volatility PASSED [ 98%]
tests/test_volatility_service.py::TestForecastVolatility::test_mean_reversion_forecast PASSED [ 98%]
tests/test_volatility_service.py::TestForecastVolatility::test_zero_periods PASSED [ 98%]
tests/test_volatility_service.py::TestDetectVolatilityClusters::test_no_clusters PASSED [ 98%]
tests/test_volatility_service.py::TestDetectVolatilityClusters::test_single_cluster PASSED [ 98%]
tests/test_volatility_service.py::TestDetectVolatilityClusters::test_empty_returns PASSED [ 98%]
tests/test_watchlist_service.py::TestWatchlistCrud::test_create_and_list PASSED [ 99%]
tests/test_watchlist_service.py::TestWatchlistCrud::test_get_by_owner PASSED [ 99%]
tests/test_watchlist_service.py::TestWatchlistCrud::test_get_wrong_owner_returns_none PASSED [ 99%]
tests/test_watchlist_service.py::TestWatchlistCrud::test_delete PASSED   [ 99%]
tests/test_watchlist_service.py::TestWatchlistItems::test_add_and_remove_item PASSED [ 99%]
tests/test_watchlist_service.py::TestWatchlistItems::test_add_item_to_missing_watchlist PASSED [ 99%]
tests/test_watchlist_service.py::TestWatchlistItems::test_remove_item_from_other_user_fails PASSED [100%]

================================== FAILURES ===================================
_ TestCoefficientLearningServiceIntegration.test_get_dynamic_weights_ml_available_trained _

self = <tests.test_coefficient_learning.TestCoefficientLearningServiceIntegration object at 0x0000012528924640>
coefficient_service = <CoefficientLearningService: test_coefficient_service>

    async def test_get_dynamic_weights_ml_available_trained(self, coefficient_service):
        """Test getting dynamic weights when ML service available and trained."""
        # Mock coefficient service as available and trained
        mock_coeff_service = MagicMock()
        mock_coeff_service.is_model_trained.return_value = True
        mock_coeff_service.get_coefficients.return_value = {
            'fundamental': 0.3,
            'technical': 0.25,
            'sentiment': 0.1,
            'risk': 0.15,
            'macro': 0.1,
            'ai': 0.1
        }
    
        # Temporarily replace the service
        original_service = coefficient_service._coefficient_service
        coefficient_service._coefficient_service = mock_coeff_service
    
        try:
            weights = coefficient_service._get_dynamic_weights('dimensions')
            # Should return ML weights
>           assert weights == {
                'fundamental': 0.3,
                'technical': 0.25,
                'sentiment': 0.1,
                'risk': 0.15,
                'macro': 0.1,
                'ai': 0.1
            }
E           AssertionError: assert {'fundamental...sk': 0.2, ...} == {'fundamental...k': 0.15, ...}
E             
E             Omitting 2 identical items, use -vv to show
E             Differing items:
E             {'technical': 0.2} != {'technical': 0.25}
E             {'sentiment': 0.15} != {'sentiment': 0.1}
E             {'fundamental': 0.25} != {'fundamental': 0.3}
E             {'risk': 0.2} != {'risk': 0.15}...
E             
E             ...Full output truncated (20 lines hidden), use '-vv' to show

tests\test_coefficient_learning.py:348: AssertionError
____________ TestDatabaseConfiguration.test_default_configuration _____________

self = <tests.test_database_service.TestDatabaseConfiguration object at 0x00000125289816D0>
database_service = <DatabaseService: DatabaseService>

    def test_default_configuration(self, database_service):
        assert database_service.async_mode is True
        assert database_service.pool_size == 20
>       assert database_service.max_overflow == 10
E       assert 40 == 10
E        +  where 40 = <DatabaseService: DatabaseService>.max_overflow

tests\test_database_service.py:19: AssertionError
__________________________ TestStats.test_get_stats ___________________________

self = <tests.test_database_service.TestStats object at 0x0000012528981E50>
database_service = <DatabaseService: DatabaseService>

    def test_get_stats(self, database_service):
        stats = database_service.get_stats()
        assert stats["pool_size"] == 20
>       assert stats["max_overflow"] == 10
E       assert 40 == 10

tests\test_database_service.py:70: AssertionError
_______________ TestValuationRatios.test_peg_ratio_zero_growth ________________

self = <tests.test_fundamental_service.TestValuationRatios object at 0x0000012528887460>

    async def test_peg_ratio_zero_growth(self):
        service = FundamentalAnalysisService()
        financials = {"stock_price": 100.0, "eps": 10.0, "growth_rate": 0.0}
>       assert service._calc_peg_ratio(financials) == 0.0
E       AssertionError: assert 10.0 == 0.0
E        +  where 10.0 = _calc_peg_ratio({'stock_price': 100.0, 'eps': 10.0, 'growth_rate': 0.0})
E        +    where _calc_peg_ratio = <FundamentalAnalysisService: FundamentalAnalysisService>._calc_peg_ratio

tests\test_fundamental_service.py:104: AssertionError
______________ TestRecommendationService.test_predict_strong_buy ______________

self = <tests.test_ml_services.TestRecommendationService object at 0x0000012528A2D350>
service = <RecommendationService: RecommendationService>

    @pytest.mark.asyncio
    async def test_predict_strong_buy(self, service):
        await service.initialize()
        data = {
            "ticker": "TEST",
            "fundamental": {"pe_ratio": 10},
            "technical": {"momentum": 0.8},
            "risk": {"sharpe_ratio": 1.5}
        }
        result = await service.predict(data)
>       assert result["recommendation"] == "STRONG_BUY"
E       AssertionError: assert 'BUY' == 'STRONG_BUY'
E         
E         - STRONG_BUY
E         + BUY

tests\test_ml_services.py:189: AssertionError
---------------------------- Captured stderr setup ----------------------------
[DEBUG] asyncio - Using proactor: IocpProactor
[DEBUG] asyncio - Using proactor: IocpProactor
[DEBUG] asyncio - Using proactor: IocpProactor
[DEBUG] asyncio - Using proactor: IocpProactor
[DEBUG] asyncio - Using proactor: IocpProactor
[DEBUG] asyncio - Using proactor: IocpProactor
[DEBUG] asyncio - Using proactor: IocpProactor
[DEBUG] asyncio - Using proactor: IocpProactor
[DEBUG] asyncio - Using proactor: IocpProactor
[DEBUG] asyncio - Using proactor: IocpProactor
[DEBUG] asyncio - Using proactor: IocpProactor
[DEBUG] asyncio - Using proactor: IocpProactor
[DEBUG] asyncio - Using proactor: IocpProactor
[DEBUG] asyncio - Using proactor: IocpProactor
[DEBUG] asyncio - Using proactor: IocpProactor
[DEBUG] asyncio - Using proactor: IocpProactor
[DEBUG] asyncio - Using proactor: IocpProactor
[DEBUG] asyncio - Using proactor: IocpProactor
[DEBUG] asyncio - Using proactor: IocpProactor
----------------------------- Captured log setup ------------------------------
DEBUG    asyncio:proactor_events.py:633 Using proactor: IocpProactor
---------------------------- Captured stderr call -----------------------------
[INFO] RecommendationService - RecommendationService initialized
[INFO] RecommendationService - RecommendationService initialized
[INFO] RecommendationService - RecommendationService initialized
[INFO] RecommendationService - RecommendationService initialized
[INFO] RecommendationService - RecommendationService initialized
[INFO] RecommendationService - RecommendationService initialized
[INFO] RecommendationService - RecommendationService initialized
[INFO] RecommendationService - RecommendationService initialized
[INFO] RecommendationService - RecommendationService initialized
[INFO] RecommendationService - RecommendationService initialized
[INFO] RecommendationService - RecommendationService initialized
[INFO] RecommendationService - RecommendationService initialized
[INFO] RecommendationService - RecommendationService initialized
[INFO] RecommendationService - RecommendationService initialized
[INFO] RecommendationService - RecommendationService initialized
[INFO] RecommendationService - RecommendationService initialized
[INFO] RecommendationService - RecommendationService initialized
[INFO] RecommendationService - RecommendationService initialized
[INFO] RecommendationService - RecommendationService initialized
[INFO] RecommendationService - RecommendationService initialized
------------------------------ Captured log call ------------------------------
INFO     RecommendationService:recommendation_service.py:18 RecommendationService initialized
_________________ TestRecommendationService.test_predict_hold _________________

self = <tests.test_ml_services.TestRecommendationService object at 0x0000012528A7DA30>
service = <RecommendationService: RecommendationService>

    @pytest.mark.asyncio
    async def test_predict_hold(self, service):
        await service.initialize()
        data = {
            "ticker": "TEST",
            "fundamental": {"pe_ratio": 25},
            "technical": {"momentum": 0.2},
            "risk": {"sharpe_ratio": 0.3}
        }
        result = await service.predict(data)
>       assert result["recommendation"] == "HOLD"
E       AssertionError: assert 'SELL' == 'HOLD'
E         
E         - HOLD
E         + SELL

tests\test_ml_services.py:216: AssertionError
---------------------------- Captured stderr setup ----------------------------
[DEBUG] asyncio - Using proactor: IocpProactor
[DEBUG] asyncio - Using proactor: IocpProactor
[DEBUG] asyncio - Using proactor: IocpProactor
[DEBUG] asyncio - Using proactor: IocpProactor
[DEBUG] asyncio - Using proactor: IocpProactor
[DEBUG] asyncio - Using proactor: IocpProactor
[DEBUG] asyncio - Using proactor: IocpProactor
[DEBUG] asyncio - Using proactor: IocpProactor
[DEBUG] asyncio - Using proactor: IocpProactor
[DEBUG] asyncio - Using proactor: IocpProactor
[DEBUG] asyncio - Using proactor: IocpProactor
[DEBUG] asyncio - Using proactor: IocpProactor
[DEBUG] asyncio - Using proactor: IocpProactor
[DEBUG] asyncio - Using proactor: IocpProactor
[DEBUG] asyncio - Using proactor: IocpProactor
[DEBUG] asyncio - Using proactor: IocpProactor
[DEBUG] asyncio - Using proactor: IocpProactor
[DEBUG] asyncio - Using proactor: IocpProactor
[DEBUG] asyncio - Using proactor: IocpProactor
----------------------------- Captured log setup ------------------------------
DEBUG    asyncio:proactor_events.py:633 Using proactor: IocpProactor
---------------------------- Captured stderr call -----------------------------
[INFO] RecommendationService - RecommendationService initialized
[INFO] RecommendationService - RecommendationService initialized
[INFO] RecommendationService - RecommendationService initialized
[INFO] RecommendationService - RecommendationService initialized
[INFO] RecommendationService - RecommendationService initialized
[INFO] RecommendationService - RecommendationService initialized
[INFO] RecommendationService - RecommendationService initialized
[INFO] RecommendationService - RecommendationService initialized
[INFO] RecommendationService - RecommendationService initialized
[INFO] RecommendationService - RecommendationService initialized
[INFO] RecommendationService - RecommendationService initialized
[INFO] RecommendationService - RecommendationService initialized
[INFO] RecommendationService - RecommendationService initialized
[INFO] RecommendationService - RecommendationService initialized
[INFO] RecommendationService - RecommendationService initialized
[INFO] RecommendationService - RecommendationService initialized
[INFO] RecommendationService - RecommendationService initialized
[INFO] RecommendationService - RecommendationService initialized
[INFO] RecommendationService - RecommendationService initialized
[INFO] RecommendationService - RecommendationService initialized
------------------------------ Captured log call ------------------------------
INFO     RecommendationService:recommendation_service.py:18 RecommendationService initialized
______ TestRecommendationService.test_predict_score_calculation_accuracy ______

self = <tests.test_ml_services.TestRecommendationService object at 0x00000125289F5050>
service = <RecommendationService: RecommendationService>

    @pytest.mark.asyncio
    async def test_predict_score_calculation_accuracy(self, service):
        await service.initialize()
        data = {
            "ticker": "TEST",
            "fundamental": {"pe_ratio": 10},
            "technical": {"momentum": 0.5},
            "risk": {"sharpe_ratio": 1.0}
        }
        result = await service.predict(data)
        expected_fundamental = max(0, 100 - 10) * 0.3
        expected_risk = max(0, 1.0 * 20) * 0.3
        expected_momentum = max(0, 0.5 * 10) * 0.4
        expected_score = expected_fundamental + expected_risk + expected_momentum
>       assert abs(result["score"] - expected_score) < 0.01
E       assert 33.0 < 0.01
E        +  where 33.0 = abs((68.0 - 35.0))

tests\test_ml_services.py:267: AssertionError
---------------------------- Captured stderr setup ----------------------------
[DEBUG] asyncio - Using proactor: IocpProactor
[DEBUG] asyncio - Using proactor: IocpProactor
[DEBUG] asyncio - Using proactor: IocpProactor
[DEBUG] asyncio - Using proactor: IocpProactor
[DEBUG] asyncio - Using proactor: IocpProactor
[DEBUG] asyncio - Using proactor: IocpProactor
[DEBUG] asyncio - Using proactor: IocpProactor
[DEBUG] asyncio - Using proactor: IocpProactor
[DEBUG] asyncio - Using proactor: IocpProactor
[DEBUG] asyncio - Using proactor: IocpProactor
[DEBUG] asyncio - Using proactor: IocpProactor
[DEBUG] asyncio - Using proactor: IocpProactor
[DEBUG] asyncio - Using proactor: IocpProactor
[DEBUG] asyncio - Using proactor: IocpProactor
[DEBUG] asyncio - Using proactor: IocpProactor
[DEBUG] asyncio - Using proactor: IocpProactor
[DEBUG] asyncio - Using proactor: IocpProactor
[DEBUG] asyncio - Using proactor: IocpProactor
[DEBUG] asyncio - Using proactor: IocpProactor
----------------------------- Captured log setup ------------------------------
DEBUG    asyncio:proactor_events.py:633 Using proactor: IocpProactor
---------------------------- Captured stderr call -----------------------------
[INFO] RecommendationService - RecommendationService initialized
[INFO] RecommendationService - RecommendationService initialized
[INFO] RecommendationService - RecommendationService initialized
[INFO] RecommendationService - RecommendationService initialized
[INFO] RecommendationService - RecommendationService initialized
[INFO] RecommendationService - RecommendationService initialized
[INFO] RecommendationService - RecommendationService initialized
[INFO] RecommendationService - RecommendationService initialized
[INFO] RecommendationService - RecommendationService initialized
[INFO] RecommendationService - RecommendationService initialized
[INFO] RecommendationService - RecommendationService initialized
[INFO] RecommendationService - RecommendationService initialized
[INFO] RecommendationService - RecommendationService initialized
[INFO] RecommendationService - RecommendationService initialized
[INFO] RecommendationService - RecommendationService initialized
[INFO] RecommendationService - RecommendationService initialized
[INFO] RecommendationService - RecommendationService initialized
[INFO] RecommendationService - RecommendationService initialized
[INFO] RecommendationService - RecommendationService initialized
[INFO] RecommendationService - RecommendationService initialized
------------------------------ Captured log call ------------------------------
INFO     RecommendationService:recommendation_service.py:18 RecommendationService initialized
_____________ TestAnomalyDetectionService.test_predict_no_anomaly _____________

self = <tests.test_ml_services.TestAnomalyDetectionService object at 0x0000012528A4D150>
service = <AnomalyDetectionService: AnomalyDetectionService>

    @pytest.mark.asyncio
    async def test_predict_no_anomaly(self, service):
        await service.initialize()
        values = [100, 101, 99, 100, 102, 98, 101, 100, 99, 100]
[...]
E       assert 2 == 5

tests\test_ml_services.py:593: AssertionError
---------------------------- Captured stderr setup ----------------------------
[DEBUG] asyncio - Using proactor: IocpProactor
[DEBUG] asyncio - Using proactor: IocpProactor
[DEBUG] asyncio - Using proactor: IocpProactor
[DEBUG] asyncio - Using proactor: IocpProactor
[DEBUG] asyncio - Using proactor: IocpProactor
[DEBUG] asyncio - Using proactor: IocpProactor
[DEBUG] asyncio - Using proactor: IocpProactor
[DEBUG] asyncio - Using proactor: IocpProactor
[DEBUG] asyncio - Using proactor: IocpProactor
[DEBUG] asyncio - Using proactor: IocpProactor
[DEBUG] asyncio - Using proactor: IocpProactor
[DEBUG] asyncio - Using proactor: IocpProactor
[DEBUG] asyncio - Using proactor: IocpProactor
[DEBUG] asyncio - Using proactor: IocpProactor
[DEBUG] asyncio - Using proactor: IocpProactor
[DEBUG] asyncio - Using proactor: IocpProactor
[DEBUG] asyncio - Using proactor: IocpProactor
[DEBUG] asyncio - Using proactor: IocpProactor
[DEBUG] asyncio - Using proactor: IocpProactor
----------------------------- Captured log setup ------------------------------
DEBUG    asyncio:proactor_events.py:633 Using proactor: IocpProactor
---------------------------- Captured stderr call -----------------------------
[INFO] PredictionService - PredictionService initialized
[INFO] PredictionService - PredictionService initialized
[INFO] PredictionService - PredictionService initialized
[INFO] PredictionService - PredictionService initialized
[INFO] PredictionService - PredictionService initialized
[INFO] PredictionService - PredictionService initialized
[INFO] PredictionService - PredictionService initialized
[INFO] PredictionService - PredictionService initialized
[INFO] PredictionService - PredictionService initialized
[INFO] PredictionService - PredictionService initialized
[INFO] PredictionService - PredictionService initialized
[INFO] PredictionService - PredictionService initialized
[INFO] PredictionService - PredictionService initialized
[INFO] PredictionService - PredictionService initialized
[INFO] PredictionService - PredictionService initialized
[INFO] PredictionService - PredictionService initialized
[INFO] PredictionService - PredictionService initialized
[INFO] PredictionService - PredictionService initialized
[INFO] PredictionService - PredictionService initialized
[INFO] PredictionService - PredictionService initialized
------------------------------ Captured log call ------------------------------
INFO     PredictionService:prediction_service.py:19 PredictionService initialized
_________ TestScoringServiceInitialization.test_hierarchy_node_count __________

self = <tests.test_scoring_service.TestScoringServiceInitialization object at 0x0000012528B20D60>

    async def test_hierarchy_node_count(self):
        service = ScoringService()
        await service.initialize()
>       assert len(service._hierarchy) == 320
E       AssertionError: assert 314 == 320
E        +  where 314 = len({'d1': {'level': 1, 'id': 'd1', 'name': 'fundamental', 'group': 'fundamental', ...}, 'd2': {'level': 1, 'id': 'd2', 'name': 'technical', 'group': 'technical', ...}, 'd3': {'level': 1, 'id': 'd3', 'name': 'sentiment', 'group': 'sentiment', ...}, 'd4': {'level': 1, 'id': 'd4', 'name': 'risk', 'group': 'risk', ...}, ...})
E        +    where {'d1': {'level': 1, 'id': 'd1', 'name': 'fundamental', 'group': 'fundamental', ...}, 'd2': {'level': 1, 'id': 'd2', 'name': 'technical', 'group': 'technical', ...}, 'd3': {'level': 1, 'id': 'd3', 'name': 'sentiment', 'group': 'sentiment', ...}, 'd4': {'level': 1, 'id': 'd4', 'name': 'risk', 'group': 'risk', ...}, ...} = <ScoringService: ScoringService>._hierarchy

tests\test_scoring_service.py:26: AssertionError
---------------------------- Captured stderr setup ----------------------------
[DEBUG] asyncio - Using proactor: IocpProactor
[DEBUG] asyncio - Using proactor: IocpProactor
[DEBUG] asyncio - Using proactor: IocpProactor
[DEBUG] asyncio - Using proactor: IocpProactor
[DEBUG] asyncio - Using proactor: IocpProactor
[DEBUG] asyncio - Using proactor: IocpProactor
[DEBUG] asyncio - Using proactor: IocpProactor
[DEBUG] asyncio - Using proactor: IocpProactor
[DEBUG] asyncio - Using proactor: IocpProactor
[DEBUG] asyncio - Using proactor: IocpProactor
[DEBUG] asyncio - Using proactor: IocpProactor
[DEBUG] asyncio - Using proactor: IocpProactor
[DEBUG] asyncio - Using proactor: IocpProactor
[DEBUG] asyncio - Using proactor: IocpProactor
[DEBUG] asyncio - Using proactor: IocpProactor
[DEBUG] asyncio - Using proactor: IocpProactor
[DEBUG] asyncio - Using proactor: IocpProactor
[DEBUG] asyncio - Using proactor: IocpProactor
[DEBUG] asyncio - Using proactor: IocpProactor
----------------------------- Captured log setup ------------------------------
DEBUG    asyncio:proactor_events.py:633 Using proactor: IocpProactor
---------------------------- Captured stderr call -----------------------------
[DEBUG] ScoringService - Hierarchy built: L1=6, L2=45, L3=90, L4=173
[DEBUG] ScoringService - Hierarchy built: L1=6, L2=45, L3=90, L4=173
[DEBUG] ScoringService - Hierarchy built: L1=6, L2=45, L3=90, L4=173
[DEBUG] ScoringService - Hierarchy built: L1=6, L2=45, L3=90, L4=173
[DEBUG] ScoringService - Hierarchy built: L1=6, L2=45, L3=90, L4=173
[DEBUG] ScoringService - Hierarchy built: L1=6, L2=45, L3=90, L4=173
[DEBUG] ScoringService - Hierarchy built: L1=6, L2=45, L3=90, L4=173
[DEBUG] ScoringService - Hierarchy built: L1=6, L2=45, L3=90, L4=173
[DEBUG] ScoringService - Hierarchy built: L1=6, L2=45, L3=90, L4=173
[DEBUG] ScoringService - Hierarchy built: L1=6, L2=45, L3=90, L4=173
[DEBUG] ScoringService - Hierarchy built: L1=6, L2=45, L3=90, L4=173
[DEBUG] ScoringService - Hierarchy built: L1=6, L2=45, L3=90, L4=173
[DEBUG] ScoringService - Hierarchy built: L1=6, L2=45, L3=90, L4=173
[DEBUG] ScoringService - Hierarchy built: L1=6, L2=45, L3=90, L4=173
[DEBUG] ScoringService - Hierarchy built: L1=6, L2=45, L3=90, L4=173
[DEBUG] ScoringService - Hierarchy built: L1=6, L2=45, L3=90, L4=173
[DEBUG] ScoringService - Hierarchy built: L1=6, L2=45, L3=90, L4=173
[DEBUG] ScoringService - Hierarchy built: L1=6, L2=45, L3=90, L4=173
[DEBUG] ScoringService - Hierarchy built: L1=6, L2=45, L3=90, L4=173
[WARNING] ScoringService - Could not initialize Coefficient Learning Service: 'Service not registered: coefficient_learning_service'
[WARNING] ScoringService - Could not initialize Coefficient Learning Service: 'Service not registered: coefficient_learning_service'
[WARNING] ScoringService - Could not initialize Coefficient Learning Service: 'Service not registered: coefficient_learning_service'
[WARNING] ScoringService - Could not initialize Coefficient Learning Service: 'Service not registered: coefficient_learning_service'
[WARNING] ScoringService - Could not initialize Coefficient Learning Service: 'Service not registered: coefficient_learning_service'
[WARNING] ScoringService - Could not initialize Coefficient Learning Service: 'Service not registered: coefficient_learning_service'
[WARNING] ScoringService - Could not initialize Coefficient Learning Service: 'Service not registered: coefficient_learning_service'
[WARNING] ScoringService - Could not initialize Coefficient Learning Service: 'Service not registered: coefficient_learning_service'
[WARNING] ScoringService - Could not initialize Coefficient Learning Service: 'Service not registered: coefficient_learning_service'
[WARNING] ScoringService - Could not initialize Coefficient Learning Service: 'Service not registered: coefficient_learning_service'
[WARNING] ScoringService - Could not initialize Coefficient Learning Service: 'Service not registered: coefficient_learning_service'
[WARNING] ScoringService - Could not initialize Coefficient Learning Service: 'Service not registered: coefficient_learning_service'
[WARNING] ScoringService - Could not initialize Coefficient Learning Service: 'Service not registered: coefficient_learning_service'
[WARNING] ScoringService - Could not initialize Coefficient Learning Service: 'Service not registered: coefficient_learning_service'
[WARNING] ScoringService - Could not initialize Coefficient Learning Service: 'Service not registered: coefficient_learning_service'
[WARNING] ScoringService - Could not initialize Coefficient Learning Service: 'Service not registered: coefficient_learning_service'
[WARNING] ScoringService - Could not initialize Coefficient Learning Service: 'Service not registered: coefficient_learning_service'
[WARNING] ScoringService - Could not initialize Coefficient Learning Service: 'Service not registered: coefficient_learning_service'
[WARNING] ScoringService - Could not initialize Coefficient Learning Service: 'Service not registered: coefficient_learning_service'
[WARNING] ScoringService - Could not initialize Coefficient Learning Service: 'Service not registered: coefficient_learning_service'
[INFO] ScoringService - ScoringService initialized with 314 hierarchy nodes
[INFO] ScoringService - ScoringService initialized with 314 hierarchy nodes
[INFO] ScoringService - ScoringService initialized with 314 hierarchy nodes
[INFO] ScoringService - ScoringService initialized with 314 hierarchy nodes
[INFO] ScoringService - ScoringService initialized with 314 hierarchy nodes
[INFO] ScoringService - ScoringService initialized with 314 hierarchy nodes
[INFO] ScoringService - ScoringService initialized with 314 hierarchy nodes
[INFO] ScoringService - ScoringService initialized with 314 hierarchy nodes
[INFO] ScoringService - ScoringService initialized with 314 hierarchy nodes
[INFO] ScoringService - ScoringService initialized with 314 hierarchy nodes
[INFO] ScoringService - ScoringService initialized with 314 hierarchy nodes
[INFO] ScoringService - ScoringService initialized with 314 hierarchy nodes
[INFO] ScoringService - ScoringService initialized with 314 hierarchy nodes
[INFO] ScoringService - ScoringService initialized with 314 hierarchy nodes
[INFO] ScoringService - ScoringService initialized with 314 hierarchy nodes
[INFO] ScoringService - ScoringService initialized with 314 hierarchy nodes
[INFO] ScoringService - ScoringService initialized with 314 hierarchy nodes
[INFO] ScoringService - ScoringService initialized with 314 hierarchy nodes
[INFO] ScoringService - ScoringService initialized with 314 hierarchy nodes
[INFO] ScoringService - ScoringService initialized with 314 hierarchy nodes
------------------------------ Captured log call ------------------------------
DEBUG    ScoringService:scoring_service.py:201 Hierarchy built: L1=6, L2=45, L3=90, L4=173
WARNING  ScoringService:scoring_service.py:68 Could not initialize Coefficient Learning Service: 'Service not registered: coefficient_learning_service'
INFO     ScoringService:scoring_service.py:71 ScoringService initialized with 314 hierarchy nodes
___________________ TestHierarchyInfo.test_hierarchy_counts ___________________

self = <tests.test_scoring_service.TestHierarchyInfo object at 0x0000012528B07D90>

    async def test_hierarchy_counts(self):
        service = ScoringService()
        await service.initialize()
        info = service.get_hierarchy_info()
>       assert info["total_nodes"] == 320
E       assert 314 == 320

tests\test_scoring_service.py:238: AssertionError
---------------------------- Captured stderr setup ----------------------------
[DEBUG] asyncio - Using proactor: IocpProactor
[DEBUG] asyncio - Using proactor: IocpProactor
[DEBUG] asyncio - Using proactor: IocpProactor
[DEBUG] asyncio - Using proactor: IocpProactor
[DEBUG] asyncio - Using proactor: IocpProactor
[DEBUG] asyncio - Using proactor: IocpProactor
[DEBUG] asyncio - Using proactor: IocpProactor
[DEBUG] asyncio - Using proactor: IocpProactor
[DEBUG] asyncio - Using proactor: IocpProactor
[DEBUG] asyncio - Using proactor: IocpProactor
[DEBUG] asyncio - Using proactor: IocpProactor
[DEBUG] asyncio - Using proactor: IocpProactor
[DEBUG] asyncio - Using proactor: IocpProactor
[DEBUG] asyncio - Using proactor: IocpProactor
[DEBUG] asyncio - Using proactor: IocpProactor
[DEBUG] asyncio - Using proactor: IocpProactor
[DEBUG] asyncio - Using proactor: IocpProactor
[DEBUG] asyncio - Using proactor: IocpProactor
[DEBUG] asyncio - Using proactor: IocpProactor
----------------------------- Captured log setup ------------------------------
DEBUG    asyncio:proactor_events.py:633 Using proactor: IocpProactor
---------------------------- Captured stderr call -----------------------------
[DEBUG] ScoringService - Hierarchy built: L1=6, L2=45, L3=90, L4=173
[DEBUG] ScoringService - Hierarchy built: L1=6, L2=45, L3=90, L4=173
[DEBUG] ScoringService - Hierarchy built: L1=6, L2=45, L3=90, L4=173
[DEBUG] ScoringService - Hierarchy built: L1=6, L2=45, L3=90, L4=173
[DEBUG] ScoringService - Hierarchy built: L1=6, L2=45, L3=90, L4=173
[DEBUG] ScoringService - Hierarchy built: L1=6, L2=45, L3=90, L4=173
[DEBUG] ScoringService - Hierarchy built: L1=6, L2=45, L3=90, L4=173
[DEBUG] ScoringService - Hierarchy built: L1=6, L2=45, L3=90, L4=173
[DEBUG] ScoringService - Hierarchy built: L1=6, L2=45, L3=90, L4=173
[DEBUG] ScoringService - Hierarchy built: L1=6, L2=45, L3=90, L4=173
[DEBUG] ScoringService - Hierarchy built: L1=6, L2=45, L3=90, L4=173
[DEBUG] ScoringService - Hierarchy built: L1=6, L2=45, L3=90, L4=173
[DEBUG] ScoringService - Hierarchy built: L1=6, L2=45, L3=90, L4=173
[DEBUG] ScoringService - Hierarchy built: L1=6, L2=45, L3=90, L4=173
[DEBUG] ScoringService - Hierarchy built: L1=6, L2=45, L3=90, L4=173
[DEBUG] ScoringService - Hierarchy built: L1=6, L2=45, L3=90, L4=173
[DEBUG] ScoringService - Hierarchy built: L1=6, L2=45, L3=90, L4=173
[DEBUG] ScoringService - Hierarchy built: L1=6, L2=45, L3=90, L4=173
[DEBUG] ScoringService - Hierarchy built: L1=6, L2=45, L3=90, L4=173
[WARNING] ScoringService - Could not initialize Coefficient Learning Service: 'Service not registered: coefficient_learning_service'
[WARNING] ScoringService - Could not initialize Coefficient Learning Service: 'Service not registered: coefficient_learning_service'
[WARNING] ScoringService - Could not initialize Coefficient Learning Service: 'Service not registered: coefficient_learning_service'
[WARNING] ScoringService - Could not initialize Coefficient Learning Service: 'Service not registered: coefficient_learning_service'
[WARNING] ScoringService - Could not initialize Coefficient Learning Service: 'Service not registered: coefficient_learning_service'
[WARNING] ScoringService - Could not initialize Coefficient Learning Service: 'Service not registered: coefficient_learning_service'
[WARNING] ScoringService - Could not initialize Coefficient Learning Service: 'Service not registered: coefficient_learning_service'
[WARNING] ScoringService - Could not initialize Coefficient Learning Service: 'Service not registered: coefficient_learning_service'
[WARNING] ScoringService - Could not initialize Coefficient Learning Service: 'Service not registered: coefficient_learning_service'
[WARNING] ScoringService - Could not initialize Coefficient Learning Service: 'Service not registered: coefficient_learning_service'
[WARNING] ScoringService - Could not initialize Coefficient Learning Service: 'Service not registered: coefficient_learning_service'
[WARNING] ScoringService - Could not initialize Coefficient Learning Service: 'Service not registered: coefficient_learning_service'
[WARNING] ScoringService - Could not initialize Coefficient Learning Service: 'Service not registered: coefficient_learning_service'
[WARNING] ScoringService - Could not initialize Coefficient Learning Service: 'Service not registered: coefficient_learning_service'
[WARNING] ScoringService - Could not initialize Coefficient Learning Service: 'Service not registered: coefficient_learning_service'
[WARNING] ScoringService - Could not initialize Coefficient Learning Service: 'Service not registered: coefficient_learning_service'
[WARNING] ScoringService - Could not initialize Coefficient Learning Service: 'Service not registered: coefficient_learning_service'
[WARNING] ScoringService - Could not initialize Coefficient Learning Service: 'Service not registered: coefficient_learning_service'
[WARNING] ScoringService - Could not initialize Coefficient Learning Service: 'Service not registered: coefficient_learning_service'
[WARNING] ScoringService - Could not initialize Coefficient Learning Service: 'Service not registered: coefficient_learning_service'
[INFO] ScoringService - ScoringService initialized with 314 hierarchy nodes
[INFO] ScoringService - ScoringService initialized with 314 hierarchy nodes
[INFO] ScoringService - ScoringService initialized with 314 hierarchy nodes
[INFO] ScoringService - ScoringService initialized with 314 hierarchy nodes
[INFO] ScoringService - ScoringService initialized with 314 hierarchy nodes
[INFO] ScoringService - ScoringService initialized with 314 hierarchy nodes
[INFO] ScoringService - ScoringService initialized with 314 hierarchy nodes
[INFO] ScoringService - ScoringService initialized with 314 hierarchy nodes
[INFO] ScoringService - ScoringService initialized with 314 hierarchy nodes
[INFO] ScoringService - ScoringService initialized with 314 hierarchy nodes
[INFO] ScoringService - ScoringService initialized with 314 hierarchy nodes
[INFO] ScoringService - ScoringService initialized with 314 hierarchy nodes
[INFO] ScoringService - ScoringService initialized with 314 hierarchy nodes
[INFO] ScoringService - ScoringService initialized with 314 hierarchy nodes
[INFO] ScoringService - ScoringService initialized with 314 hierarchy nodes
[INFO] ScoringService - ScoringService initialized with 314 hierarchy nodes
[INFO] ScoringService - ScoringService initialized with 314 hierarchy nodes
[INFO] ScoringService - ScoringService initialized with 314 hierarchy nodes
[INFO] ScoringService - ScoringService initialized with 314 hierarchy nodes
[INFO] ScoringService - ScoringService initialized with 314 hierarchy nodes
------------------------------ Captured log call ------------------------------
DEBUG    ScoringService:scoring_service.py:201 Hierarchy built: L1=6, L2=45, L3=90, L4=173
WARNING  ScoringService:scoring_service.py:68 Could not initialize Coefficient Learning Service: 'Service not registered: coefficient_learning_service'
INFO     ScoringService:scoring_service.py:71 ScoringService initialized with 314 hierarchy nodes
=========================== short test summary info ===========================
FAILED tests/test_coefficient_learning.py::TestCoefficientLearningServiceIntegration::test_get_dynamic_weights_ml_available_trained
FAILED tests/test_database_service.py::TestDatabaseConfiguration::test_default_configuration
FAILED tests/test_database_service.py::TestStats::test_get_stats - assert 40 ...
FAILED tests/test_fundamental_service.py::TestValuationRatios::test_peg_ratio_zero_growth
FAILED tests/test_ml_services.py::TestRecommendationService::test_predict_strong_buy
FAILED tests/test_ml_services.py::TestRecommendationService::test_predict_hold
FAILED tests/test_ml_services.py::TestRecommendationService::test_predict_score_calculation_accuracy
FAILED tests/test_ml_services.py::TestAnomalyDetectionService::test_predict_no_anomaly
FAILED tests/test_ml_services.py::TestAnomalyDetectionService::test_predict_insufficient_data
FAILED tests/test_ml_services.py::TestAnomalyDetectionService::test_predict_model_not_trained
FAILED tests/test_ml_services.py::TestPatternRecognitionService::test_predict_continuation
FAILED tests/test_ml_services.py::TestPortfolioOptimizationService::test_predict_basic_allocation
FAILED tests/test_ml_services.py::TestMLServiceIntegration::test_multiple_prediction_calls
FAILED tests/test_scoring_service.py::TestScoringServiceInitialization::test_hierarchy_node_count
FAILED tests/test_scoring_service.py::TestHierarchyInfo::test_hierarchy_counts
================ 15 failed, 656 passed, 135 warnings in 11.63s ================
